-------------------------------------------------------------------------------
Test set: com.ibexsys.pwd.util.PwdApplicationDataDumpTest
-------------------------------------------------------------------------------
Tests run: 1, Failures: 0, Errors: 1, Skipped: 0, Time elapsed: 0.27 s <<< FAILURE! - in com.ibexsys.pwd.util.PwdApplicationDataDumpTest
initializationError(com.ibexsys.pwd.util.PwdApplicationDataDumpTest)  Time elapsed: 0.004 s  <<< ERROR!
java.lang.Exception: No runnable methods

