<?xml version="1.0" encoding="UTF-8"?>
<testsuite xmlns:xsi="http://www.w3.org/2001/XMLSchema-instance" xsi:noNamespaceSchemaLocation="https://maven.apache.org/surefire/maven-surefire-plugin/xsd/surefire-test-report.xsd" name="com.ibexsys.pwd.repository.AppProfileRepositoryTest" time="1.35" tests="2" errors="0" skipped="0" failures="1">
  <properties>
[...]
</properties>
  <testcase name="findByIdBasicTest" classname="com.ibexsys.pwd.repository.AppProfileRepositoryTest" time="0.005">
    <failure type="java.lang.AssertionError">java.lang.AssertionError
	at com.ibexsys.pwd.repository.AppProfileRepositoryTest.findByIdBasicTest(AppProfileRepositoryTest.java:60)
</failure>
    <system-out><![CDATA[2018-05-15 16:11:48.078  INFO 10969 --- [           main] .b.t.c.SpringBootTestContextBootstrapper : Neither @ContextConfiguration nor @ContextHierarchy found for test class [com.ibexsys.pwd.repository.AppProfileRepositoryTest], using SpringBootContextLoader
2018-05-15 16:11:48.079  INFO 10969 --- [           main] o.s.t.c.support.AbstractContextLoader    : Could not detect default resource locations for test class [com.ibexsys.pwd.repository.AppProfileRepositoryTest]: no resource found for suffixes {-context.xml, Context.groovy}.
2018-05-15 16:11:48.083  INFO 10969 --- [           main] .b.t.c.SpringBootTestContextBootstrapper : Loaded default TestExecutionListener class names from location [META-INF/spring.factories]: [org.springframework.boot.test.mock.mockito.MockitoTestExecutionListener, org.springframework.boot.test.mock.mockito.ResetMocksTestExecutionListener, org.springframework.boot.test.autoconfigure.restdocs.RestDocsTestExecutionListener, org.springframework.boot.test.autoconfigure.web.client.MockRestServiceServerResetTestExecutionListener, org.springframework.boot.test.autoconfigure.web.servlet.MockMvcPrintOnlyOnFailureTestExecutionListener, org.springframework.boot.test.autoconfigure.web.servlet.WebDriverTestExecutionListener, org.springframework.test.context.web.ServletTestExecutionListener, org.springframework.test.context.support.DirtiesContextBeforeModesTestExecutionListener, org.springframework.test.context.support.DependencyInjectionTestExecutionListener, org.springframework.test.context.support.DirtiesContextTestExecutionListener, org.springframework.test.context.transaction.TransactionalTestExecutionListener, org.springframework.test.context.jdbc.SqlScriptsTestExecutionListener]
2018-05-15 16:11:48.083  INFO 10969 --- [           main] .b.t.c.SpringBootTestContextBootstrapper : Using TestExecutionListeners: [org.springframework.test.context.web.ServletTestExecutionListener@76828577, org.springframework.test.context.support.DirtiesContextBeforeModesTestExecutionListener@38732372, org.springframework.boot.test.mock.mockito.MockitoTestExecutionListener@639cb788, org.springframework.boot.test.autoconfigure.SpringBootDependencyInjectionTestExecutionListener@2fee69a1, org.springframework.test.context.support.DirtiesContextTestExecutionListener@4d25f816, org.springframework.test.context.transaction.TransactionalTestExecutionListener@6c6c2a73, org.springframework.test.context.jdbc.SqlScriptsTestExecutionListener@6a4af081, org.springframework.boot.test.mock.mockito.ResetMocksTestExecutionListener@36b53f08, org.springframework.boot.test.autoconfigure.restdocs.RestDocsTestExecutionListener@54329480, org.springframework.boot.test.autoconfigure.web.client.MockRestServiceServerResetTestExecutionListener@590013c7, org.springframework.boot.test.autoconfigure.web.servlet.MockMvcPrintOnlyOnFailureTestExecutionListener@64f32e9e, org.springframework.boot.test.autoconfigure.web.servlet.WebDriverTestExecutionListener@7b211077]

  .   ____          _            __ _ _
 /\\ / ___'_ __ _ _(_)_ __  __ _ \ \ \ \
( ( )\___ | '_ | '_| | '_ \/ _` | \ \ \ \
 \\/  ___)| |_)| | | | | || (_| |  ) ) ) )
  '  |____| .__|_| |_|_| |_\__, | / / / /
 =========|_|==============|___/=/_/_/_/
 :: Spring Boot ::        (v2.0.0.RELEASE)

2018-05-15 16:11:48.112  INFO 10969 --- [           main] c.i.p.r.AppProfileRepositoryTest         : Starting AppProfileRepositoryTest on ibexsys with PID 10969 (started by tj in /home/tj/git/pwd_proto)
2018-05-15 16:11:48.112  INFO 10969 --- [           main] c.i.p.r.AppProfileRepositoryTest         : No active profile set, falling back to default profiles: default
2018-05-15 16:11:48.115  INFO 10969 --- [           main] o.s.w.c.s.GenericWebApplicationContext   : Refreshing org.springframework.web.context.support.GenericWebApplicationContext@1c2d63f0: startup date [Tue May 15 16:11:48 PDT 2018]; root of context hierarchy
2018-05-15 16:11:48.399  INFO 10969 --- [           main] trationDelegate$BeanPostProcessorChecker : Bean 'org.springframework.transaction.annotation.ProxyTransactionManagementConfiguration' of type [org.springframework.transaction.annotation.ProxyTransactionManagementConfiguration$$EnhancerBySpringCGLIB$$5900a573] is not eligible for getting processed by all BeanPostProcessors (for example: not eligible for auto-proxying)
2018-05-15 16:11:48.485  INFO 10969 --- [           main] com.zaxxer.hikari.HikariDataSource       : HikariPool-2 - Starting...
2018-05-15 16:11:48.486  INFO 10969 --- [           main] com.zaxxer.hikari.HikariDataSource       : HikariPool-2 - Start completed.
2018-05-15 16:11:48.512  INFO 10969 --- [           main] j.LocalContainerEntityManagerFactoryBean : Building JPA container EntityManagerFactory for persistence unit 'default'
2018-05-15 16:11:48.512  INFO 10969 --- [           main] o.hibernate.jpa.internal.util.LogHelper  : HHH000204: Processing PersistenceUnitInfo [
	name: default
	...]
2018-05-15 16:11:48.519 DEBUG 10969 --- [           main] org.hibernate.type.BasicTypeRegistry     : Adding type registration boolean -> org.hibernate.type.BooleanType@62db0521
2018-05-15 16:11:48.519 DEBUG 10969 --- [           main] org.hibernate.type.BasicTypeRegistry     : Adding type registration boolean -> org.hibernate.type.BooleanType@62db0521
2018-05-15 16:11:48.519 DEBUG 10969 --- [           main] org.hibernate.type.BasicTypeRegistry     : Adding type registration java.lang.Boolean -> org.hibernate.type.BooleanType@62db0521
2018-05-15 16:11:48.519 DEBUG 10969 --- [           main] org.hibernate.type.BasicTypeRegistry     : Adding type registration numeric_boolean -> org.hibernate.type.NumericBooleanType@2954b5ea
2018-05-15 16:11:48.519 DEBUG 10969 --- [           main] org.hibernate.type.BasicTypeRegistry     : Adding type registration true_false -> org.hibernate.type.TrueFalseType@3ab6678b
2018-05-15 16:11:48.519 DEBUG 10969 --- [           main] org.hibernate.type.BasicTypeRegistry     : Adding type registration yes_no -> org.hibernate.type.YesNoType@476e8796
2018-05-15 16:11:48.519 DEBUG 10969 --- [           main] org.hibernate.type.BasicTypeRegistry     : Adding type registration byte -> org.hibernate.type.ByteType@61d84e08
2018-05-15 16:11:48.519 DEBUG 10969 --- [           main] org.hibernate.type.BasicTypeRegistry     : Adding type registration byte -> org.hibernate.type.ByteType@61d84e08
2018-05-15 16:11:48.519 DEBUG 10969 --- [           main] org.hibernate.type.BasicTypeRegistry     : Adding type registration java.lang.Byte -> org.hibernate.type.ByteType@61d84e08
2018-05-15 16:11:48.519 DEBUG 10969 --- [           main] org.hibernate.type.BasicTypeRegistry     : Adding type registration character -> org.hibernate.type.CharacterType@27b2faa6
2018-05-15 16:11:48.519 DEBUG 10969 --- [           main] org.hibernate.type.BasicTypeRegistry     : Adding type registration char -> org.hibernate.type.CharacterType@27b2faa6
2018-05-15 16:11:48.519 DEBUG 10969 --- [           main] org.hibernate.type.BasicTypeRegistry     : Adding type registration java.lang.Character -> org.hibernate.type.CharacterType@27b2faa6
2018-05-15 16:11:48.519 DEBUG 10969 --- [           main] org.hibernate.type.BasicTypeRegistry     : Adding type registration short -> org.hibernate.type.ShortType@75a118e6
2018-05-15 16:11:48.519 DEBUG 10969 --- [           main] org.hibernate.type.BasicTypeRegistry     : Adding type registration short -> org.hibernate.type.ShortType@75a118e6
2018-05-15 16:11:48.519 DEBUG 10969 --- [           main] org.hibernate.type.BasicTypeRegistry     : Adding type registration java.lang.Short -> org.hibernate.type.ShortType@75a118e6
2018-05-15 16:11:48.520 DEBUG 10969 --- [           main] org.hibernate.type.BasicTypeRegistry     : Adding type registration integer -> org.hibernate.type.IntegerType@4a14c44f
2018-05-15 16:11:48.520 DEBUG 10969 --- [           main] org.hibernate.type.BasicTypeRegistry     : Adding type registration int -> org.hibernate.type.IntegerType@4a14c44f
2018-05-15 16:11:48.520 DEBUG 10969 --- [           main] org.hibernate.type.BasicTypeRegistry     : Adding type registration java.lang.Integer -> org.hibernate.type.IntegerType@4a14c44f
2018-05-15 16:11:48.520 DEBUG 10969 --- [           main] org.hibernate.type.BasicTypeRegistry     : Adding type registration long -> org.hibernate.type.LongType@5c1f6d57
2018-05-15 16:11:48.520 DEBUG 10969 --- [           main] org.hibernate.type.BasicTypeRegistry     : Adding type registration long -> org.hibernate.type.LongType@5c1f6d57
2018-05-15 16:11:48.520 DEBUG 10969 --- [           main] org.hibernate.type.BasicTypeRegistry     : Adding type registration java.lang.Long -> org.hibernate.type.LongType@5c1f6d57
2018-05-15 16:11:48.520 DEBUG 10969 --- [           main] org.hibernate.type.BasicTypeRegistry     : Adding type registration float -> org.hibernate.type.FloatType@46a953cf
2018-05-15 16:11:48.520 DEBUG 10969 --- [           main] org.hibernate.type.BasicTypeRegistry     : Adding type registration float -> org.hibernate.type.FloatType@46a953cf
2018-05-15 16:11:48.520 DEBUG 10969 --- [           main] org.hibernate.type.BasicTypeRegistry     : Adding type registration java.lang.Float -> org.hibernate.type.FloatType@46a953cf
2018-05-15 16:11:48.520 DEBUG 10969 --- [           main] org.hibernate.type.BasicTypeRegistry     : Adding type registration double -> org.hibernate.type.DoubleType@680a66dd
2018-05-15 16:11:48.520 DEBUG 10969 --- [           main] org.hibernate.type.BasicTypeRegistry     : Adding type registration double -> org.hibernate.type.DoubleType@680a66dd
2018-05-15 16:11:48.520 DEBUG 10969 --- [           main] org.hibernate.type.BasicTypeRegistry     : Adding type registration java.lang.Double -> org.hibernate.type.DoubleType@680a66dd
2018-05-15 16:11:48.520 DEBUG 10969 --- [           main] org.hibernate.type.BasicTypeRegistry     : Adding type registration big_decimal -> org.hibernate.type.BigDecimalType@cf67838
2018-05-15 16:11:48.520 DEBUG 10969 --- [           main] org.hibernate.type.BasicTypeRegistry     : Adding type registration java.math.BigDecimal -> org.hibernate.type.BigDecimalType@cf67838
2018-05-15 16:11:48.520 DEBUG 10969 --- [           main] org.hibernate.type.BasicTypeRegistry     : Adding type registration big_integer -> org.hibernate.type.BigIntegerType@33a3c44a
2018-05-15 16:11:48.520 DEBUG 10969 --- [           main] org.hibernate.type.BasicTypeRegistry     : Adding type registration java.math.BigInteger -> org.hibernate.type.BigIntegerType@33a3c44a
2018-05-15 16:11:48.520 DEBUG 10969 --- [           main] org.hibernate.type.BasicTypeRegistry     : Adding type registration string -> org.hibernate.type.StringType@288214b1
2018-05-15 16:11:48.520 DEBUG 10969 --- [           main] org.hibernate.type.BasicTypeRegistry     : Adding type registration java.lang.String -> org.hibernate.type.StringType@288214b1
2018-05-15 16:11:48.520 DEBUG 10969 --- [           main] org.hibernate.type.BasicTypeRegistry     : Adding type registration nstring -> org.hibernate.type.StringNVarcharType@341672e
2018-05-15 16:11:48.520 DEBUG 10969 --- [           main] org.hibernate.type.BasicTypeRegistry     : Adding type registration ncharacter -> org.hibernate.type.CharacterNCharType@10641c09
2018-05-15 16:11:48.520 DEBUG 10969 --- [           main] org.hibernate.type.BasicTypeRegistry     : Adding type registration url -> org.hibernate.type.UrlType@27e5b378
2018-05-15 16:11:48.520 DEBUG 10969 --- [           main] org.hibernate.type.BasicTypeRegistry     : Adding type registration java.net.URL -> org.hibernate.type.UrlType@27e5b378
2018-05-15 16:11:48.521 DEBUG 10969 --- [           main] org.hibernate.type.BasicTypeRegistry     : Adding type registration Duration -> org.hibernate.type.DurationType@ad3324b
2018-05-15 16:11:48.521 DEBUG 10969 --- [           main] org.hibernate.type.BasicTypeRegistry     : Adding type registration java.time.Duration -> org.hibernate.type.DurationType@ad3324b
2018-05-15 16:11:48.521 DEBUG 10969 --- [           main] org.hibernate.type.BasicTypeRegistry     : Adding type registration Instant -> org.hibernate.type.InstantType@48eb9836
2018-05-15 16:11:48.521 DEBUG 10969 --- [           main] org.hibernate.type.BasicTypeRegistry     : Adding type registration java.time.Instant -> org.hibernate.type.InstantType@48eb9836
2018-05-15 16:11:48.521 DEBUG 10969 --- [           main] org.hibernate.type.BasicTypeRegistry     : Adding type registration LocalDateTime -> org.hibernate.type.LocalDateTimeType@5e2a3040
2018-05-15 16:11:48.521 DEBUG 10969 --- [           main] org.hibernate.type.BasicTypeRegistry     : Adding type registration java.time.LocalDateTime -> org.hibernate.type.LocalDateTimeType@5e2a3040
2018-05-15 16:11:48.521 DEBUG 10969 --- [           main] org.hibernate.type.BasicTypeRegistry     : Adding type registration LocalDate -> org.hibernate.type.LocalDateType@5bb51241
2018-05-15 16:11:48.521 DEBUG 10969 --- [           main] org.hibernate.type.BasicTypeRegistry     : Adding type registration java.time.LocalDate -> org.hibernate.type.LocalDateType@5bb51241
2018-05-15 16:11:48.521 DEBUG 10969 --- [           main] org.hibernate.type.BasicTypeRegistry     : Adding type registration LocalTime -> org.hibernate.type.LocalTimeType@6c42f2a1
2018-05-15 16:11:48.521 DEBUG 10969 --- [           main] org.hibernate.type.BasicTypeRegistry     : Adding type registration java.time.LocalTime -> org.hibernate.type.LocalTimeType@6c42f2a1
2018-05-15 16:11:48.521 DEBUG 10969 --- [           main] org.hibernate.type.BasicTypeRegistry     : Adding type registration OffsetDateTime -> org.hibernate.type.OffsetDateTimeType@3531f3ca
2018-05-15 16:11:48.521 DEBUG 10969 --- [           main] org.hibernate.type.BasicTypeRegistry     : Adding type registration java.time.OffsetDateTime -> org.hibernate.type.OffsetDateTimeType@3531f3ca
2018-05-15 16:11:48.521 DEBUG 10969 --- [           main] org.hibernate.type.BasicTypeRegistry     : Adding type registration OffsetTime -> org.hibernate.type.OffsetTimeType@59e43e8c
2018-05-15 16:11:48.521 DEBUG 10969 --- [           main] org.hibernate.type.BasicTypeRegistry     : Adding type registration java.time.OffsetTime -> org.hibernate.type.OffsetTimeType@59e43e8c
2018-05-15 16:11:48.521 DEBUG 10969 --- [           main] org.hibernate.type.BasicTypeRegistry     : Adding type registration ZonedDateTime -> org.hibernate.type.ZonedDateTimeType@61a1ea2c
2018-05-15 16:11:48.521 DEBUG 10969 --- [           main] org.hibernate.type.BasicTypeRegistry     : Adding type registration java.time.ZonedDateTime -> org.hibernate.type.ZonedDateTimeType@61a1ea2c
2018-05-15 16:11:48.521 DEBUG 10969 --- [           main] org.hibernate.type.BasicTypeRegistry     : Adding type registration date -> org.hibernate.type.DateType@670d4d38
2018-05-15 16:11:48.521 DEBUG 10969 --- [           main] org.hibernate.type.BasicTypeRegistry     : Adding type registration java.sql.Date -> org.hibernate.type.DateType@670d4d38
2018-05-15 16:11:48.521 DEBUG 10969 --- [           main] org.hibernate.type.BasicTypeRegistry     : Adding type registration time -> org.hibernate.type.TimeType@42c28305
2018-05-15 16:11:48.521 DEBUG 10969 --- [           main] org.hibernate.type.BasicTypeRegistry     : Adding type registration java.sql.Time -> org.hibernate.type.TimeType@42c28305
2018-05-15 16:11:48.521 DEBUG 10969 --- [           main] org.hibernate.type.BasicTypeRegistry     : Adding type registration timestamp -> org.hibernate.type.TimestampType@316a598d
2018-05-15 16:11:48.522 DEBUG 10969 --- [           main] org.hibernate.type.BasicTypeRegistry     : Adding type registration java.sql.Timestamp -> org.hibernate.type.TimestampType@316a598d
2018-05-15 16:11:48.522 DEBUG 10969 --- [           main] org.hibernate.type.BasicTypeRegistry     : Adding type registration java.util.Date -> org.hibernate.type.TimestampType@316a598d
2018-05-15 16:11:48.522 DEBUG 10969 --- [           main] org.hibernate.type.BasicTypeRegistry     : Adding type registration dbtimestamp -> org.hibernate.type.DbTimestampType@35764bef
2018-05-15 16:11:48.522 DEBUG 10969 --- [           main] org.hibernate.type.BasicTypeRegistry     : Adding type registration calendar -> org.hibernate.type.CalendarType@61af1510
2018-05-15 16:11:48.522 DEBUG 10969 --- [           main] org.hibernate.type.BasicTypeRegistry     : Adding type registration java.util.Calendar -> org.hibernate.type.CalendarType@61af1510
2018-05-15 16:11:48.522 DEBUG 10969 --- [           main] org.hibernate.type.BasicTypeRegistry     : Adding type registration java.util.GregorianCalendar -> org.hibernate.type.CalendarType@61af1510
2018-05-15 16:11:48.522 DEBUG 10969 --- [           main] org.hibernate.type.BasicTypeRegistry     : Adding type registration calendar_date -> org.hibernate.type.CalendarDateType@408e96d9
2018-05-15 16:11:48.522 DEBUG 10969 --- [           main] org.hibernate.type.BasicTypeRegistry     : Adding type registration locale -> org.hibernate.type.LocaleType@602ae7b6
2018-05-15 16:11:48.522 DEBUG 10969 --- [           main] org.hibernate.type.BasicTypeRegistry     : Adding type registration java.util.Locale -> org.hibernate.type.LocaleType@602ae7b6
2018-05-15 16:11:48.522 DEBUG 10969 --- [           main] org.hibernate.type.BasicTypeRegistry     : Adding type registration currency -> org.hibernate.type.CurrencyType@b835727
2018-05-15 16:11:48.522 DEBUG 10969 --- [           main] org.hibernate.type.BasicTypeRegistry     : Adding type registration java.util.Currency -> org.hibernate.type.CurrencyType@b835727
2018-05-15 16:11:48.522 DEBUG 10969 --- [           main] org.hibernate.type.BasicTypeRegistry     : Adding type registration timezone -> org.hibernate.type.TimeZoneType@77eb5790
2018-05-15 16:11:48.522 DEBUG 10969 --- [           main] org.hibernate.type.BasicTypeRegistry     : Adding type registration java.util.TimeZone -> org.hibernate.type.TimeZoneType@77eb5790
2018-05-15 16:11:48.522 DEBUG 10969 --- [           main] org.hibernate.type.BasicTypeRegistry     : Adding type registration class -> org.hibernate.type.ClassType@58860997
2018-05-15 16:11:48.522 DEBUG 10969 --- [           main] org.hibernate.type.BasicTypeRegistry     : Adding type registration java.lang.Class -> org.hibernate.type.ClassType@58860997
2018-05-15 16:11:48.522 DEBUG 10969 --- [           main] org.hibernate.type.BasicTypeRegistry     : Adding type registration uuid-binary -> org.hibernate.type.UUIDBinaryType@4d8286c4
2018-05-15 16:11:48.522 DEBUG 10969 --- [           main] org.hibernate.type.BasicTypeRegistry     : Adding type registration java.util.UUID -> org.hibernate.type.UUIDBinaryType@4d8286c4
2018-05-15 16:11:48.522 DEBUG 10969 --- [           main] org.hibernate.type.BasicTypeRegistry     : Adding type registration uuid-char -> org.hibernate.type.UUIDCharType@3e15bb06
2018-05-15 16:11:48.522 DEBUG 10969 --- [           main] org.hibernate.type.BasicTypeRegistry     : Adding type registration binary -> org.hibernate.type.BinaryType@5853495b
2018-05-15 16:11:48.522 DEBUG 10969 --- [           main] org.hibernate.type.BasicTypeRegistry     : Adding type registration byte[] -> org.hibernate.type.BinaryType@5853495b
2018-05-15 16:11:48.522 DEBUG 10969 --- [           main] org.hibernate.type.BasicTypeRegistry     : Adding type registration [B -> org.hibernate.type.BinaryType@5853495b
2018-05-15 16:11:48.523 DEBUG 10969 --- [           main] org.hibernate.type.BasicTypeRegistry     : Adding type registration wrapper-binary -> org.hibernate.type.WrapperBinaryType@72456279
2018-05-15 16:11:48.523 DEBUG 10969 --- [           main] org.hibernate.type.BasicTypeRegistry     : Adding type registration Byte[] -> org.hibernate.type.WrapperBinaryType@72456279
2018-05-15 16:11:48.523 DEBUG 10969 --- [           main] org.hibernate.type.BasicTypeRegistry     : Adding type registration [Ljava.lang.Byte; -> org.hibernate.type.WrapperBinaryType@72456279
2018-05-15 16:11:48.523 DEBUG 10969 --- [           main] org.hibernate.type.BasicTypeRegistry     : Adding type registration row_version -> org.hibernate.type.RowVersionType@84487f4
2018-05-15 16:11:48.523 DEBUG 10969 --- [           main] org.hibernate.type.BasicTypeRegistry     : Adding type registration image -> org.hibernate.type.ImageType@6a9b9909
2018-05-15 16:11:48.523 DEBUG 10969 --- [           main] org.hibernate.type.BasicTypeRegistry     : Adding type registration characters -> org.hibernate.type.CharArrayType@6d303498
2018-05-15 16:11:48.523 DEBUG 10969 --- [           main] org.hibernate.type.BasicTypeRegistry     : Adding type registration char[] -> org.hibernate.type.CharArrayType@6d303498
2018-05-15 16:11:48.523 DEBUG 10969 --- [           main] org.hibernate.type.BasicTypeRegistry     : Adding type registration [C -> org.hibernate.type.CharArrayType@6d303498
2018-05-15 16:11:48.523 DEBUG 10969 --- [           main] org.hibernate.type.BasicTypeRegistry     : Adding type registration wrapper-characters -> org.hibernate.type.CharacterArrayType@4fc142ec
2018-05-15 16:11:48.523 DEBUG 10969 --- [           main] org.hibernate.type.BasicTypeRegistry     : Adding type registration [Ljava.lang.Character; -> org.hibernate.type.CharacterArrayType@4fc142ec
2018-05-15 16:11:48.523 DEBUG 10969 --- [           main] org.hibernate.type.BasicTypeRegistry     : Adding type registration Character[] -> org.hibernate.type.CharacterArrayType@4fc142ec
2018-05-15 16:11:48.523 DEBUG 10969 --- [           main] org.hibernate.type.BasicTypeRegistry     : Adding type registration text -> org.hibernate.type.TextType@79d9214d
2018-05-15 16:11:48.523 DEBUG 10969 --- [           main] org.hibernate.type.BasicTypeRegistry     : Adding type registration ntext -> org.hibernate.type.NTextType@56913163
2018-05-15 16:11:48.523 DEBUG 10969 --- [           main] org.hibernate.type.BasicTypeRegistry     : Adding type registration blob -> org.hibernate.type.BlobType@60859f5a
2018-05-15 16:11:48.525 DEBUG 10969 --- [           main] org.hibernate.type.BasicTypeRegistry     : Adding type registration java.sql.Blob -> org.hibernate.type.BlobType@60859f5a
2018-05-15 16:11:48.525 DEBUG 10969 --- [           main] org.hibernate.type.BasicTypeRegistry     : Adding type registration materialized_blob -> org.hibernate.type.MaterializedBlobType@44c13103
2018-05-15 16:11:48.525 DEBUG 10969 --- [           main] org.hibernate.type.BasicTypeRegistry     : Adding type registration clob -> org.hibernate.type.ClobType@ac20bb4
2018-05-15 16:11:48.525 DEBUG 10969 --- [           main] org.hibernate.type.BasicTypeRegistry     : Adding type registration java.sql.Clob -> org.hibernate.type.ClobType@ac20bb4
2018-05-15 16:11:48.525 DEBUG 10969 --- [           main] org.hibernate.type.BasicTypeRegistry     : Adding type registration nclob -> org.hibernate.type.NClobType@6b3f6585
2018-05-15 16:11:48.525 DEBUG 10969 --- [           main] org.hibernate.type.BasicTypeRegistry     : Adding type registration java.sql.NClob -> org.hibernate.type.NClobType@6b3f6585
2018-05-15 16:11:48.525 DEBUG 10969 --- [           main] org.hibernate.type.BasicTypeRegistry     : Adding type registration materialized_clob -> org.hibernate.type.MaterializedClobType@55e2fe3c
2018-05-15 16:11:48.525 DEBUG 10969 --- [           main] org.hibernate.type.BasicTypeRegistry     : Adding type registration materialized_nclob -> org.hibernate.type.MaterializedNClobType@2e807c54
2018-05-15 16:11:48.525 DEBUG 10969 --- [           main] org.hibernate.type.BasicTypeRegistry     : Adding type registration serializable -> org.hibernate.type.SerializableType@1cec219f
2018-05-15 16:11:48.525 DEBUG 10969 --- [           main] org.hibernate.type.BasicTypeRegistry     : Adding type registration object -> org.hibernate.type.ObjectType@5c8e67b9
2018-05-15 16:11:48.526 DEBUG 10969 --- [           main] org.hibernate.type.BasicTypeRegistry     : Adding type registration java.lang.Object -> org.hibernate.type.ObjectType@5c8e67b9
2018-05-15 16:11:48.526 DEBUG 10969 --- [           main] org.hibernate.type.BasicTypeRegistry     : Adding type registration imm_date -> org.hibernate.type.AdaptedImmutableType@3bab95ca
2018-05-15 16:11:48.526 DEBUG 10969 --- [           main] org.hibernate.type.BasicTypeRegistry     : Adding type registration imm_time -> org.hibernate.type.AdaptedImmutableType@71ad959b
2018-05-15 16:11:48.526 DEBUG 10969 --- [           main] org.hibernate.type.BasicTypeRegistry     : Adding type registration imm_timestamp -> org.hibernate.type.AdaptedImmutableType@1d7c9811
2018-05-15 16:11:48.526 DEBUG 10969 --- [           main] org.hibernate.type.BasicTypeRegistry     : Adding type registration imm_dbtimestamp -> org.hibernate.type.AdaptedImmutableType@3b362f1
2018-05-15 16:11:48.526 DEBUG 10969 --- [           main] org.hibernate.type.BasicTypeRegistry     : Adding type registration imm_calendar -> org.hibernate.type.AdaptedImmutableType@6451a288
2018-05-15 16:11:48.526 DEBUG 10969 --- [           main] org.hibernate.type.BasicTypeRegistry     : Adding type registration imm_calendar_date -> org.hibernate.type.AdaptedImmutableType@79cdf2d4
2018-05-15 16:11:48.526 DEBUG 10969 --- [           main] org.hibernate.type.BasicTypeRegistry     : Adding type registration imm_binary -> org.hibernate.type.AdaptedImmutableType@8851ec
2018-05-15 16:11:48.526 DEBUG 10969 --- [           main] org.hibernate.type.BasicTypeRegistry     : Adding type registration imm_serializable -> org.hibernate.type.AdaptedImmutableType@18b40fe6
2018-05-15 16:11:48.526  INFO 10969 --- [           main] org.hibernate.dialect.Dialect            : HHH000400: Using dialect: org.hibernate.dialect.H2Dialect
2018-05-15 16:11:48.545 TRACE 10969 --- [           main] org.hibernate.type.TypeFactory           : Scoping types to session factory org.hibernate.internal.SessionFactoryImpl@68a426c3
Hibernate: 
    
    drop table app_profile if exists
Hibernate: 
    
    drop table site if exists
Hibernate: 
    
    drop table user if exists
Hibernate: 
    
    create table app_profile (
       id bigint generated by default as identity,
        created_date timestamp,
        active boolean,
        account_locked boolean,
        last_logindtm timestamp,
        login varchar(255),
        modified_date timestamp,
        pwd_file_name varchar(255),
        primary key (id)
    )
Hibernate: 
    
    create table site (
       id bigint generated by default as identity,
        category_name varchar(255),
        created_date timestamp,
        login varchar(255),
        modified_date timestamp,
        name varchar(255),
        notes varchar(255),
        site_pwd binary(255),
        siteurl varchar(255),
        app_profile_id bigint,
        primary key (id)
    )
Hibernate: 
    
    create table user (
       id bigint generated by default as identity,
        created_date timestamp,
        email varchar(255),
        first_name varchar(255),
        last_name varchar(255),
        modified_date timestamp,
        password binary(255),
        user_salt binary(255),
        app_profile_id bigint,
        primary key (id)
    )
Hibernate: 
    
    alter table site 
       add constraint FKcas27pm81h8ss59vo60t9m737 
       foreign key (app_profile_id) 
       references app_profile
Hibernate: 
    
    alter table user 
       add constraint FK9inxjrdld8lgspyofexg43wsu 
       foreign key (app_profile_id) 
       references app_profile
2018-05-15 16:11:48.605  INFO 10969 --- [           main] o.h.t.schema.internal.SchemaCreatorImpl  : HHH000476: Executing import script 'org.hibernate.tool.schema.internal.exec.ScriptSourceInputNonExistentImpl@3f63a513'
2018-05-15 16:11:48.605  INFO 10969 --- [           main] o.h.h.i.QueryTranslatorFactoryInitiator  : HHH000397: Using ASTQueryTranslatorFactory
2018-05-15 16:11:48.610  WARN 10969 --- [           main] o.h.hql.internal.ast.HqlSqlWalker        : [DEPRECATION] Encountered positional parameter near line 1, column 64 in HQL: [select u from com.ibexsys.pwd.entity.User u where u.firstName= ? and u.lastName = ?].  Positional parameter are considered deprecated; use named parameters or JPA-style positional parameters instead.
2018-05-15 16:11:48.610  WARN 10969 --- [           main] o.h.hql.internal.ast.HqlSqlWalker        : [DEPRECATION] Encountered positional parameter near line 1, column 83 in HQL: [select u from com.ibexsys.pwd.entity.User u where u.firstName= ? and u.lastName = ?].  Positional parameter are considered deprecated; use named parameters or JPA-style positional parameters instead.
2018-05-15 16:11:48.611  WARN 10969 --- [           main] o.h.hql.internal.ast.HqlSqlWalker        : [DEPRECATION] Encountered positional parameter near line 1, column 56 in HQL: [select s from com.ibexsys.pwd.entity.Site s where name=?].  Positional parameter are considered deprecated; use named parameters or JPA-style positional parameters instead.
2018-05-15 16:11:48.618  WARN 10969 --- [           main] o.h.hql.internal.ast.HqlSqlWalker        : [DEPRECATION] Encountered positional parameter near line 1, column 64 in HQL: [select u from com.ibexsys.pwd.entity.AppProfile u where userId=?].  Positional parameter are considered deprecated; use named parameters or JPA-style positional parameters instead.
2018-05-15 16:11:48.619  INFO 10969 --- [           main] j.LocalContainerEntityManagerFactoryBean : Initialized JPA EntityManagerFactory for persistence unit 'default'
2018-05-15 16:11:48.642  INFO 10969 --- [           main] o.s.jdbc.datasource.init.ScriptUtils     : Executing SQL script from URL [file:/home/tj/git/pwd_proto/target/classes/data.sql]
2018-05-15 16:11:48.649  INFO 10969 --- [           main] o.s.jdbc.datasource.init.ScriptUtils     : Executed SQL script from URL [file:/home/tj/git/pwd_proto/target/classes/data.sql] in 6 ms.
2018-05-15 16:11:48.998  INFO 10969 --- [           main] s.w.s.m.m.a.RequestMappingHandlerAdapter : Looking for @ControllerAdvice: org.springframework.web.context.support.GenericWebApplicationContext@1c2d63f0: startup date [Tue May 15 16:11:48 PDT 2018]; root of context hierarchy
2018-05-15 16:11:49.004  WARN 10969 --- [           main] aWebConfiguration$JpaWebMvcConfiguration : spring.jpa.open-in-view is enabled by default. Therefore, database queries may be performed during view rendering. Explicitly configure spring.jpa.open-in-view to disable this warning
2018-05-15 16:11:49.019  INFO 10969 --- [           main] s.w.s.m.m.a.RequestMappingHandlerMapping : Mapped "{[/error],produces=[text/html]}" onto public org.springframework.web.servlet.ModelAndView org.springframework.boot.autoconfigure.web.servlet.error.BasicErrorController.errorHtml(javax.servlet.http.HttpServletRequest,javax.servlet.http.HttpServletResponse)
2018-05-15 16:11:49.019  INFO 10969 --- [           main] s.w.s.m.m.a.RequestMappingHandlerMapping : Mapped "{[/error]}" onto public org.springframework.http.ResponseEntity<java.util.Map<java.lang.String, java.lang.Object>> org.springframework.boot.autoconfigure.web.servlet.error.BasicErrorController.error(javax.servlet.http.HttpServletRequest)
2018-05-15 16:11:49.050  INFO 10969 --- [           main] o.s.w.s.handler.SimpleUrlHandlerMapping  : Mapped URL path [/webjars/**] onto handler of type [class org.springframework.web.servlet.resource.ResourceHttpRequestHandler]
2018-05-15 16:11:49.050  INFO 10969 --- [           main] o.s.w.s.handler.SimpleUrlHandlerMapping  : Mapped URL path [/**] onto handler of type [class org.springframework.web.servlet.resource.ResourceHttpRequestHandler]
2018-05-15 16:11:49.080  INFO 10969 --- [           main] o.s.w.s.handler.SimpleUrlHandlerMapping  : Mapped URL path [/**/favicon.ico] onto handler of type [class org.springframework.web.servlet.resource.ResourceHttpRequestHandler]
2018-05-15 16:11:49.318  INFO 10969 --- [           main] c.i.p.r.AppProfileRepositoryTest         : Started AppProfileRepositoryTest in 1.233 seconds (JVM running for 8.071)
2018-05-15 16:11:49.324 DEBUG 10969 --- [           main] o.h.stat.internal.StatisticsInitiator    : Statistics initialized [enabled=true]
Hibernate: 
    select
        user0_.id as id1_2_,
        user0_.app_profile_id as app_prof9_2_,
        user0_.created_date as created_2_2_,
        user0_.email as email3_2_,
        user0_.first_name as first_na4_2_,
        user0_.last_name as last_nam5_2_,
        user0_.modified_date as modified6_2_,
        user0_.password as password7_2_,
        user0_.user_salt as user_sal8_2_ 
    from
        user user0_
2018-05-15 16:11:49.325 TRACE 10969 --- [           main] o.h.type.descriptor.sql.BasicExtractor   : extracted value ([id1_2_] : [BIGINT]) - [10001]
2018-05-15 16:11:49.325 TRACE 10969 --- [           main] o.h.type.descriptor.sql.BasicExtractor   : extracted value ([app_prof9_2_] : [BIGINT]) - [10001]
2018-05-15 16:11:49.325 TRACE 10969 --- [           main] o.h.type.descriptor.sql.BasicExtractor   : extracted value ([created_2_2_] : [TIMESTAMP]) - [2018-05-15T16:11:48.645]
2018-05-15 16:11:49.325 TRACE 10969 --- [           main] o.h.type.descriptor.sql.BasicExtractor   : extracted value ([email3_2_] : [VARCHAR]) - [foo@foo.com]
2018-05-15 16:11:49.325 TRACE 10969 --- [           main] o.h.type.descriptor.sql.BasicExtractor   : extracted value ([first_na4_2_] : [VARCHAR]) - [Todd]
2018-05-15 16:11:49.325 TRACE 10969 --- [           main] o.h.type.descriptor.sql.BasicExtractor   : extracted value ([last_nam5_2_] : [VARCHAR]) - [McDee]
2018-05-15 16:11:49.325 TRACE 10969 --- [           main] o.h.type.descriptor.sql.BasicExtractor   : extracted value ([modified6_2_] : [TIMESTAMP]) - [2018-05-15T16:11:48.645]
2018-05-15 16:11:49.325 TRACE 10969 --- [           main] o.h.type.descriptor.sql.BasicExtractor   : extracted value ([password7_2_] : [VARBINARY]) - [[-85, -51, 69]]
2018-05-15 16:11:49.325 TRACE 10969 --- [           main] o.h.type.descriptor.sql.BasicExtractor   : extracted value ([user_sal8_2_] : [VARBINARY]) - [[-85, -51, 70]]
2018-05-15 16:11:49.325 TRACE 10969 --- [           main] o.h.type.descriptor.sql.BasicExtractor   : extracted value ([id1_2_] : [BIGINT]) - [10002]
2018-05-15 16:11:49.325 TRACE 10969 --- [           main] o.h.type.descriptor.sql.BasicExtractor   : extracted value ([app_prof9_2_] : [BIGINT]) - [10002]
2018-05-15 16:11:49.325 TRACE 10969 --- [           main] o.h.type.descriptor.sql.BasicExtractor   : extracted value ([created_2_2_] : [TIMESTAMP]) - [2018-05-15T16:11:48.646]
2018-05-15 16:11:49.325 TRACE 10969 --- [           main] o.h.type.descriptor.sql.BasicExtractor   : extracted value ([email3_2_] : [VARCHAR]) - [foo@foo.com]
2018-05-15 16:11:49.326 TRACE 10969 --- [           main] o.h.type.descriptor.sql.BasicExtractor   : extracted value ([first_na4_2_] : [VARCHAR]) - [Todd]
2018-05-15 16:11:49.326 TRACE 10969 --- [           main] o.h.type.descriptor.sql.BasicExtractor   : extracted value ([last_nam5_2_] : [VARCHAR]) - [McDee]
2018-05-15 16:11:49.326 TRACE 10969 --- [           main] o.h.type.descriptor.sql.BasicExtractor   : extracted value ([modified6_2_] : [TIMESTAMP]) - [2018-05-15T16:11:48.646]
2018-05-15 16:11:49.326 TRACE 10969 --- [           main] o.h.type.descriptor.sql.BasicExtractor   : extracted value ([password7_2_] : [VARBINARY]) - [[-85, -51, 69]]
2018-05-15 16:11:49.326 TRACE 10969 --- [           main] o.h.type.descriptor.sql.BasicExtractor   : extracted value ([user_sal8_2_] : [VARBINARY]) - [[-85, -51, 70]]
2018-05-15 16:11:49.326 TRACE 10969 --- [           main] o.h.type.descriptor.sql.BasicExtractor   : extracted value ([id1_2_] : [BIGINT]) - [10003]
2018-05-15 16:11:49.326 TRACE 10969 --- [           main] o.h.type.descriptor.sql.BasicExtractor   : extracted value ([app_prof9_2_] : [BIGINT]) - [10003]
2018-05-15 16:11:49.326 TRACE 10969 --- [           main] o.h.type.descriptor.sql.BasicExtractor   : extracted value ([created_2_2_] : [TIMESTAMP]) - [2018-05-15T16:11:48.646]
2018-05-15 16:11:49.326 TRACE 10969 --- [           main] o.h.type.descriptor.sql.BasicExtractor   : extracted value ([email3_2_] : [VARCHAR]) - [foo@foo.com]
2018-05-15 16:11:49.326 TRACE 10969 --- [           main] o.h.type.descriptor.sql.BasicExtractor   : extracted value ([first_na4_2_] : [VARCHAR]) - [Todd]
2018-05-15 16:11:49.326 TRACE 10969 --- [           main] o.h.type.descriptor.sql.BasicExtractor   : extracted value ([last_nam5_2_] : [VARCHAR]) - [McDee]
2018-05-15 16:11:49.326 TRACE 10969 --- [           main] o.h.type.descriptor.sql.BasicExtractor   : extracted value ([modified6_2_] : [TIMESTAMP]) - [2018-05-15T16:11:48.646]
2018-05-15 16:11:49.326 TRACE 10969 --- [           main] o.h.type.descriptor.sql.BasicExtractor   : extracted value ([password7_2_] : [VARBINARY]) - [[-85, -51, 69]]
2018-05-15 16:11:49.326 TRACE 10969 --- [           main] o.h.type.descriptor.sql.BasicExtractor   : extracted value ([user_sal8_2_] : [VARBINARY]) - [[-85, -51, 70]]
2018-05-15 16:11:49.326 TRACE 10969 --- [           main] o.h.type.descriptor.sql.BasicExtractor   : extracted value ([id1_2_] : [BIGINT]) - [10004]
2018-05-15 16:11:49.327 TRACE 10969 --- [           main] o.h.type.descriptor.sql.BasicExtractor   : extracted value ([app_prof9_2_] : [BIGINT]) - [10004]
2018-05-15 16:11:49.327 TRACE 10969 --- [           main] o.h.type.descriptor.sql.BasicExtractor   : extracted value ([created_2_2_] : [TIMESTAMP]) - [2018-05-15T16:11:48.646]
2018-05-15 16:11:49.327 TRACE 10969 --- [           main] o.h.type.descriptor.sql.BasicExtractor   : extracted value ([email3_2_] : [VARCHAR]) - [foo@foo.com]
2018-05-15 16:11:49.327 TRACE 10969 --- [           main] o.h.type.descriptor.sql.BasicExtractor   : extracted value ([first_na4_2_] : [VARCHAR]) - [Todd]
2018-05-15 16:11:49.327 TRACE 10969 --- [           main] o.h.type.descriptor.sql.BasicExtractor   : extracted value ([last_nam5_2_] : [VARCHAR]) - [McDee]
2018-05-15 16:11:49.327 TRACE 10969 --- [           main] o.h.type.descriptor.sql.BasicExtractor   : extracted value ([modified6_2_] : [TIMESTAMP]) - [2018-05-15T16:11:48.646]
2018-05-15 16:11:49.327 TRACE 10969 --- [           main] o.h.type.descriptor.sql.BasicExtractor   : extracted value ([password7_2_] : [VARBINARY]) - [[-85, -51, 69]]
2018-05-15 16:11:49.327 TRACE 10969 --- [           main] o.h.type.descriptor.sql.BasicExtractor   : extracted value ([user_sal8_2_] : [VARBINARY]) - [[-85, -51, 70]]
2018-05-15 16:11:49.327 TRACE 10969 --- [           main] o.h.type.descriptor.sql.BasicExtractor   : extracted value ([id1_2_] : [BIGINT]) - [10005]
2018-05-15 16:11:49.327 TRACE 10969 --- [           main] o.h.type.descriptor.sql.BasicExtractor   : extracted value ([app_prof9_2_] : [BIGINT]) - [10005]
2018-05-15 16:11:49.327 TRACE 10969 --- [           main] o.h.type.descriptor.sql.BasicExtractor   : extracted value ([created_2_2_] : [TIMESTAMP]) - [2018-05-15T16:11:48.647]
2018-05-15 16:11:49.327 TRACE 10969 --- [           main] o.h.type.descriptor.sql.BasicExtractor   : extracted value ([email3_2_] : [VARCHAR]) - [foo@foo.com]
2018-05-15 16:11:49.327 TRACE 10969 --- [           main] o.h.type.descriptor.sql.BasicExtractor   : extracted value ([first_na4_2_] : [VARCHAR]) - [Todd]
2018-05-15 16:11:49.327 TRACE 10969 --- [           main] o.h.type.descriptor.sql.BasicExtractor   : extracted value ([last_nam5_2_] : [VARCHAR]) - [McDee]
2018-05-15 16:11:49.327 TRACE 10969 --- [           main] o.h.type.descriptor.sql.BasicExtractor   : extracted value ([modified6_2_] : [TIMESTAMP]) - [2018-05-15T16:11:48.647]
2018-05-15 16:11:49.327 TRACE 10969 --- [           main] o.h.type.descriptor.sql.BasicExtractor   : extracted value ([password7_2_] : [VARBINARY]) - [[-85, -51, 69]]
2018-05-15 16:11:49.327 TRACE 10969 --- [           main] o.h.type.descriptor.sql.BasicExtractor   : extracted value ([user_sal8_2_] : [VARBINARY]) - [[-85, -51, 70]]
2018-05-15 16:11:49.328 DEBUG 10969 --- [           main] o.h.s.internal.ConcurrentStatisticsImpl  : HHH000117: HQL: select u from User u, time: 4ms, rows: 5
2018-05-15 16:11:49.329  INFO 10969 --- [           main] i.StatisticalLoggingSessionEventListener : Session Metrics {
    83101 nanoseconds spent acquiring 1 JDBC connections;
    0 nanoseconds spent releasing 0 JDBC connections;
    196371 nanoseconds spent preparing 1 JDBC statements;
    144691 nanoseconds spent executing 1 JDBC statements;
    0 nanoseconds spent executing 0 JDBC batches;
    0 nanoseconds spent performing 0 L2C puts;
    0 nanoseconds spent performing 0 L2C hits;
    0 nanoseconds spent performing 0 L2C misses;
    209814 nanoseconds spent executing 1 flushes (flushing a total of 5 entities and 0 collections);
    5418 nanoseconds spent executing 1 partial-flushes (flushing a total of 0 entities and 0 collections)
}
Hibernate: 
    select
        site0_.id as id1_1_,
        site0_.app_profile_id as app_pro10_1_,
        site0_.category_name as category2_1_,
        site0_.created_date as created_3_1_,
        site0_.login as login4_1_,
        site0_.modified_date as modified5_1_,
        site0_.name as name6_1_,
        site0_.notes as notes7_1_,
        site0_.site_pwd as site_pwd8_1_,
        site0_.siteurl as siteurl9_1_ 
    from
        site site0_
2018-05-15 16:11:49.330 TRACE 10969 --- [           main] o.h.type.descriptor.sql.BasicExtractor   : extracted value ([id1_1_] : [BIGINT]) - [10001]
2018-05-15 16:11:49.330 TRACE 10969 --- [           main] o.h.type.descriptor.sql.BasicExtractor   : extracted value ([app_pro10_1_] : [BIGINT]) - [10001]
2018-05-15 16:11:49.330 TRACE 10969 --- [           main] o.h.type.descriptor.sql.BasicExtractor   : extracted value ([category2_1_] : [VARCHAR]) - [ROOT]
2018-05-15 16:11:49.331 TRACE 10969 --- [           main] o.h.type.descriptor.sql.BasicExtractor   : extracted value ([created_3_1_] : [TIMESTAMP]) - [2018-05-15T16:11:48.647]
2018-05-15 16:11:49.331 TRACE 10969 --- [           main] o.h.type.descriptor.sql.BasicExtractor   : extracted value ([login4_1_] : [VARCHAR]) - [myLogin]
2018-05-15 16:11:49.331 TRACE 10969 --- [           main] o.h.type.descriptor.sql.BasicExtractor   : extracted value ([modified5_1_] : [TIMESTAMP]) - [2018-05-15T16:11:48.647]
2018-05-15 16:11:49.331 TRACE 10969 --- [           main] o.h.type.descriptor.sql.BasicExtractor   : extracted value ([name6_1_] : [VARCHAR]) - [foo.com]
2018-05-15 16:11:49.331 TRACE 10969 --- [           main] o.h.type.descriptor.sql.BasicExtractor   : extracted value ([notes7_1_] : [VARCHAR]) - [no notes]
2018-05-15 16:11:49.331 TRACE 10969 --- [           main] o.h.type.descriptor.sql.BasicExtractor   : extracted value ([site_pwd8_1_] : [VARBINARY]) - [[-85, -51, 69]]
2018-05-15 16:11:49.331 TRACE 10969 --- [           main] o.h.type.descriptor.sql.BasicExtractor   : extracted value ([siteurl9_1_] : [VARCHAR]) - [https://foo.com]
2018-05-15 16:11:49.331 TRACE 10969 --- [           main] o.h.type.descriptor.sql.BasicExtractor   : extracted value ([id1_1_] : [BIGINT]) - [10002]
2018-05-15 16:11:49.331 TRACE 10969 --- [           main] o.h.type.descriptor.sql.BasicExtractor   : extracted value ([app_pro10_1_] : [BIGINT]) - [10001]
2018-05-15 16:11:49.331 TRACE 10969 --- [           main] o.h.type.descriptor.sql.BasicExtractor   : extracted value ([category2_1_] : [VARCHAR]) - [ROOT]
2018-05-15 16:11:49.331 TRACE 10969 --- [           main] o.h.type.descriptor.sql.BasicExtractor   : extracted value ([created_3_1_] : [TIMESTAMP]) - [2018-05-15T16:11:48.647]
2018-05-15 16:11:49.331 TRACE 10969 --- [           main] o.h.type.descriptor.sql.BasicExtractor   : extracted value ([login4_1_] : [VARCHAR]) - [myLogin]
2018-05-15 16:11:49.331 TRACE 10969 --- [           main] o.h.type.descriptor.sql.BasicExtractor   : extracted value ([modified5_1_] : [TIMESTAMP]) - [2018-05-15T16:11:48.647]
2018-05-15 16:11:49.331 TRACE 10969 --- [           main] o.h.type.descriptor.sql.BasicExtractor   : extracted value ([name6_1_] : [VARCHAR]) - [foo2.com]
2018-05-15 16:11:49.331 TRACE 10969 --- [           main] o.h.type.descriptor.sql.BasicExtractor   : extracted value ([notes7_1_] : [VARCHAR]) - [no notes]
2018-05-15 16:11:49.331 TRACE 10969 --- [           main] o.h.type.descriptor.sql.BasicExtractor   : extracted value ([site_pwd8_1_] : [VARBINARY]) - [[-85, -51, 69]]
2018-05-15 16:11:49.331 TRACE 10969 --- [           main] o.h.type.descriptor.sql.BasicExtractor   : extracted value ([siteurl9_1_] : [VARCHAR]) - [https://foo.com]
2018-05-15 16:11:49.332 TRACE 10969 --- [           main] o.h.type.descriptor.sql.BasicExtractor   : extracted value ([id1_1_] : [BIGINT]) - [10003]
2018-05-15 16:11:49.332 TRACE 10969 --- [           main] o.h.type.descriptor.sql.BasicExtractor   : extracted value ([app_pro10_1_] : [BIGINT]) - [10001]
2018-05-15 16:11:49.332 TRACE 10969 --- [           main] o.h.type.descriptor.sql.BasicExtractor   : extracted value ([category2_1_] : [VARCHAR]) - [ROOT]
2018-05-15 16:11:49.332 TRACE 10969 --- [           main] o.h.type.descriptor.sql.BasicExtractor   : extracted value ([created_3_1_] : [TIMESTAMP]) - [2018-05-15T16:11:48.647]
2018-05-15 16:11:49.332 TRACE 10969 --- [           main] o.h.type.descriptor.sql.BasicExtractor   : extracted value ([login4_1_] : [VARCHAR]) - [myLogin]
2018-05-15 16:11:49.332 TRACE 10969 --- [           main] o.h.type.descriptor.sql.BasicExtractor   : extracted value ([modified5_1_] : [TIMESTAMP]) - [2018-05-15T16:11:48.647]
2018-05-15 16:11:49.332 TRACE 10969 --- [           main] o.h.type.descriptor.sql.BasicExtractor   : extracted value ([name6_1_] : [VARCHAR]) - [foo3.com]
2018-05-15 16:11:49.332 TRACE 10969 --- [           main] o.h.type.descriptor.sql.BasicExtractor   : extracted value ([notes7_1_] : [VARCHAR]) - [no notes]
2018-05-15 16:11:49.332 TRACE 10969 --- [           main] o.h.type.descriptor.sql.BasicExtractor   : extracted value ([site_pwd8_1_] : [VARBINARY]) - [[-85, -51, 69]]
2018-05-15 16:11:49.332 TRACE 10969 --- [           main] o.h.type.descriptor.sql.BasicExtractor   : extracted value ([siteurl9_1_] : [VARCHAR]) - [https://foo.com]
2018-05-15 16:11:49.332 TRACE 10969 --- [           main] o.h.type.descriptor.sql.BasicExtractor   : extracted value ([id1_1_] : [BIGINT]) - [10004]
2018-05-15 16:11:49.332 TRACE 10969 --- [           main] o.h.type.descriptor.sql.BasicExtractor   : extracted value ([app_pro10_1_] : [BIGINT]) - [10002]
2018-05-15 16:11:49.332 TRACE 10969 --- [           main] o.h.type.descriptor.sql.BasicExtractor   : extracted value ([category2_1_] : [VARCHAR]) - [ROOT]
2018-05-15 16:11:49.332 TRACE 10969 --- [           main] o.h.type.descriptor.sql.BasicExtractor   : extracted value ([created_3_1_] : [TIMESTAMP]) - [2018-05-15T16:11:48.648]
2018-05-15 16:11:49.332 TRACE 10969 --- [           main] o.h.type.descriptor.sql.BasicExtractor   : extracted value ([login4_1_] : [VARCHAR]) - [myLogin]
2018-05-15 16:11:49.332 TRACE 10969 --- [           main] o.h.type.descriptor.sql.BasicExtractor   : extracted value ([modified5_1_] : [TIMESTAMP]) - [2018-05-15T16:11:48.648]
2018-05-15 16:11:49.332 TRACE 10969 --- [           main] o.h.type.descriptor.sql.BasicExtractor   : extracted value ([name6_1_] : [VARCHAR]) - [foo.com]
2018-05-15 16:11:49.333 TRACE 10969 --- [           main] o.h.type.descriptor.sql.BasicExtractor   : extracted value ([notes7_1_] : [VARCHAR]) - [no notes]
2018-05-15 16:11:49.333 TRACE 10969 --- [           main] o.h.type.descriptor.sql.BasicExtractor   : extracted value ([site_pwd8_1_] : [VARBINARY]) - [[-85, -51, 69]]
2018-05-15 16:11:49.333 TRACE 10969 --- [           main] o.h.type.descriptor.sql.BasicExtractor   : extracted value ([siteurl9_1_] : [VARCHAR]) - [https://foo.com]
2018-05-15 16:11:49.333 TRACE 10969 --- [           main] o.h.type.descriptor.sql.BasicExtractor   : extracted value ([id1_1_] : [BIGINT]) - [10005]
2018-05-15 16:11:49.333 TRACE 10969 --- [           main] o.h.type.descriptor.sql.BasicExtractor   : extracted value ([app_pro10_1_] : [BIGINT]) - [10002]
2018-05-15 16:11:49.333 TRACE 10969 --- [           main] o.h.type.descriptor.sql.BasicExtractor   : extracted value ([category2_1_] : [VARCHAR]) - [ROOT]
2018-05-15 16:11:49.333 TRACE 10969 --- [           main] o.h.type.descriptor.sql.BasicExtractor   : extracted value ([created_3_1_] : [TIMESTAMP]) - [2018-05-15T16:11:48.648]
2018-05-15 16:11:49.333 TRACE 10969 --- [           main] o.h.type.descriptor.sql.BasicExtractor   : extracted value ([login4_1_] : [VARCHAR]) - [myLogin]
2018-05-15 16:11:49.333 TRACE 10969 --- [           main] o.h.type.descriptor.sql.BasicExtractor   : extracted value ([modified5_1_] : [TIMESTAMP]) - [2018-05-15T16:11:48.648]
2018-05-15 16:11:49.333 TRACE 10969 --- [           main] o.h.type.descriptor.sql.BasicExtractor   : extracted value ([name6_1_] : [VARCHAR]) - [foo2.com]
2018-05-15 16:11:49.333 TRACE 10969 --- [           main] o.h.type.descriptor.sql.BasicExtractor   : extracted value ([notes7_1_] : [VARCHAR]) - [no notes]
2018-05-15 16:11:49.333 TRACE 10969 --- [           main] o.h.type.descriptor.sql.BasicExtractor   : extracted value ([site_pwd8_1_] : [VARBINARY]) - [[-85, -51, 69]]
2018-05-15 16:11:49.333 TRACE 10969 --- [           main] o.h.type.descriptor.sql.BasicExtractor   : extracted value ([siteurl9_1_] : [VARCHAR]) - [https://foo.com]
2018-05-15 16:11:49.333 TRACE 10969 --- [           main] o.h.type.descriptor.sql.BasicExtractor   : extracted value ([id1_1_] : [BIGINT]) - [10006]
2018-05-15 16:11:49.333 TRACE 10969 --- [           main] o.h.type.descriptor.sql.BasicExtractor   : extracted value ([app_pro10_1_] : [BIGINT]) - [10002]
2018-05-15 16:11:49.333 TRACE 10969 --- [           main] o.h.type.descriptor.sql.BasicExtractor   : extracted value ([category2_1_] : [VARCHAR]) - [ROOT]
2018-05-15 16:11:49.333 TRACE 10969 --- [           main] o.h.type.descriptor.sql.BasicExtractor   : extracted value ([created_3_1_] : [TIMESTAMP]) - [2018-05-15T16:11:48.648]
2018-05-15 16:11:49.333 TRACE 10969 --- [           main] o.h.type.descriptor.sql.BasicExtractor   : extracted value ([login4_1_] : [VARCHAR]) - [myLogin]
2018-05-15 16:11:49.334 TRACE 10969 --- [           main] o.h.type.descriptor.sql.BasicExtractor   : extracted value ([modified5_1_] : [TIMESTAMP]) - [2018-05-15T16:11:48.648]
2018-05-15 16:11:49.334 TRACE 10969 --- [           main] o.h.type.descriptor.sql.BasicExtractor   : extracted value ([name6_1_] : [VARCHAR]) - [foo3.com]
2018-05-15 16:11:49.334 TRACE 10969 --- [           main] o.h.type.descriptor.sql.BasicExtractor   : extracted value ([notes7_1_] : [VARCHAR]) - [no notes]
2018-05-15 16:11:49.334 TRACE 10969 --- [           main] o.h.type.descriptor.sql.BasicExtractor   : extracted value ([site_pwd8_1_] : [VARBINARY]) - [[-85, -51, 69]]
2018-05-15 16:11:49.334 TRACE 10969 --- [           main] o.h.type.descriptor.sql.BasicExtractor   : extracted value ([siteurl9_1_] : [VARCHAR]) - [https://foo.com]
2018-05-15 16:11:49.334 TRACE 10969 --- [           main] o.h.type.descriptor.sql.BasicExtractor   : extracted value ([id1_1_] : [BIGINT]) - [10007]
2018-05-15 16:11:49.334 TRACE 10969 --- [           main] o.h.type.descriptor.sql.BasicExtractor   : extracted value ([app_pro10_1_] : [BIGINT]) - [10003]
2018-05-15 16:11:49.334 TRACE 10969 --- [           main] o.h.type.descriptor.sql.BasicExtractor   : extracted value ([category2_1_] : [VARCHAR]) - [ROOT]
2018-05-15 16:11:49.334 TRACE 10969 --- [           main] o.h.type.descriptor.sql.BasicExtractor   : extracted value ([created_3_1_] : [TIMESTAMP]) - [2018-05-15T16:11:48.649]
2018-05-15 16:11:49.334 TRACE 10969 --- [           main] o.h.type.descriptor.sql.BasicExtractor   : extracted value ([login4_1_] : [VARCHAR]) - [myLogin]
2018-05-15 16:11:49.334 TRACE 10969 --- [           main] o.h.type.descriptor.sql.BasicExtractor   : extracted value ([modified5_1_] : [TIMESTAMP]) - [2018-05-15T16:11:48.649]
2018-05-15 16:11:49.334 TRACE 10969 --- [           main] o.h.type.descriptor.sql.BasicExtractor   : extracted value ([name6_1_] : [VARCHAR]) - [foo.com]
2018-05-15 16:11:49.334 TRACE 10969 --- [           main] o.h.type.descriptor.sql.BasicExtractor   : extracted value ([notes7_1_] : [VARCHAR]) - [no notes]
2018-05-15 16:11:49.334 TRACE 10969 --- [           main] o.h.type.descriptor.sql.BasicExtractor   : extracted value ([site_pwd8_1_] : [VARBINARY]) - [[-85, -51, 69]]
2018-05-15 16:11:49.334 TRACE 10969 --- [           main] o.h.type.descriptor.sql.BasicExtractor   : extracted value ([siteurl9_1_] : [VARCHAR]) - [https://foo.com]
2018-05-15 16:11:49.334 TRACE 10969 --- [           main] o.h.type.descriptor.sql.BasicExtractor   : extracted value ([id1_1_] : [BIGINT]) - [10008]
2018-05-15 16:11:49.334 TRACE 10969 --- [           main] o.h.type.descriptor.sql.BasicExtractor   : extracted value ([app_pro10_1_] : [BIGINT]) - [10003]
2018-05-15 16:11:49.334 TRACE 10969 --- [           main] o.h.type.descriptor.sql.BasicExtractor   : extracted value ([category2_1_] : [VARCHAR]) - [ROOT]
2018-05-15 16:11:49.335 TRACE 10969 --- [           main] o.h.type.descriptor.sql.BasicExtractor   : extracted value ([created_3_1_] : [TIMESTAMP]) - [2018-05-15T16:11:48.649]
2018-05-15 16:11:49.335 TRACE 10969 --- [           main] o.h.type.descriptor.sql.BasicExtractor   : extracted value ([login4_1_] : [VARCHAR]) - [myLogin]
2018-05-15 16:11:49.335 TRACE 10969 --- [           main] o.h.type.descriptor.sql.BasicExtractor   : extracted value ([modified5_1_] : [TIMESTAMP]) - [2018-05-15T16:11:48.649]
2018-05-15 16:11:49.335 TRACE 10969 --- [           main] o.h.type.descriptor.sql.BasicExtractor   : extracted value ([name6_1_] : [VARCHAR]) - [foo2.com]
2018-05-15 16:11:49.335 TRACE 10969 --- [           main] o.h.type.descriptor.sql.BasicExtractor   : extracted value ([notes7_1_] : [VARCHAR]) - [no notes]
2018-05-15 16:11:49.335 TRACE 10969 --- [           main] o.h.type.descriptor.sql.BasicExtractor   : extracted value ([site_pwd8_1_] : [VARBINARY]) - [[-85, -51, 69]]
2018-05-15 16:11:49.335 TRACE 10969 --- [           main] o.h.type.descriptor.sql.BasicExtractor   : extracted value ([siteurl9_1_] : [VARCHAR]) - [https://foo.com]
2018-05-15 16:11:49.335 TRACE 10969 --- [           main] o.h.type.descriptor.sql.BasicExtractor   : extracted value ([id1_1_] : [BIGINT]) - [10009]
2018-05-15 16:11:49.335 TRACE 10969 --- [           main] o.h.type.descriptor.sql.BasicExtractor   : extracted value ([app_pro10_1_] : [BIGINT]) - [10003]
2018-05-15 16:11:49.335 TRACE 10969 --- [           main] o.h.type.descriptor.sql.BasicExtractor   : extracted value ([category2_1_] : [VARCHAR]) - [ROOT]
2018-05-15 16:11:49.335 TRACE 10969 --- [           main] o.h.type.descriptor.sql.BasicExtractor   : extracted value ([created_3_1_] : [TIMESTAMP]) - [2018-05-15T16:11:48.649]
2018-05-15 16:11:49.335 TRACE 10969 --- [           main] o.h.type.descriptor.sql.BasicExtractor   : extracted value ([login4_1_] : [VARCHAR]) - [myLogin]
2018-05-15 16:11:49.335 TRACE 10969 --- [           main] o.h.type.descriptor.sql.BasicExtractor   : extracted value ([modified5_1_] : [TIMESTAMP]) - [2018-05-15T16:11:48.649]
2018-05-15 16:11:49.335 TRACE 10969 --- [           main] o.h.type.descriptor.sql.BasicExtractor   : extracted value ([name6_1_] : [VARCHAR]) - [foo3.com]
2018-05-15 16:11:49.335 TRACE 10969 --- [           main] o.h.type.descriptor.sql.BasicExtractor   : extracted value ([notes7_1_] : [VARCHAR]) - [no notes]
2018-05-15 16:11:49.335 TRACE 10969 --- [           main] o.h.type.descriptor.sql.BasicExtractor   : extracted value ([site_pwd8_1_] : [VARBINARY]) - [[-85, -51, 69]]
2018-05-15 16:11:49.335 TRACE 10969 --- [           main] o.h.type.descriptor.sql.BasicExtractor   : extracted value ([siteurl9_1_] : [VARCHAR]) - [https://foo.com]
Hibernate: 
    select
        appprofile0_.id as id1_0_0_,
        appprofile0_.created_date as created_2_0_0_,
        appprofile0_.active as active3_0_0_,
        appprofile0_.account_locked as account_4_0_0_,
        appprofile0_.last_logindtm as last_log5_0_0_,
        appprofile0_.login as login6_0_0_,
        appprofile0_.modified_date as modified7_0_0_,
        appprofile0_.pwd_file_name as pwd_file8_0_0_,
        sites1_.app_profile_id as app_pro10_1_1_,
        sites1_.id as id1_1_1_,
        sites1_.id as id1_1_2_,
        sites1_.app_profile_id as app_pro10_1_2_,
        sites1_.category_name as category2_1_2_,
        sites1_.created_date as created_3_1_2_,
        sites1_.login as login4_1_2_,
        sites1_.modified_date as modified5_1_2_,
        sites1_.name as name6_1_2_,
        sites1_.notes as notes7_1_2_,
        sites1_.site_pwd as site_pwd8_1_2_,
        sites1_.siteurl as siteurl9_1_2_ 
    from
        app_profile appprofile0_ 
    left outer join
        site sites1_ 
            on appprofile0_.id=sites1_.app_profile_id 
    where
        appprofile0_.id=?
2018-05-15 16:11:49.338 TRACE 10969 --- [           main] o.h.type.descriptor.sql.BasicBinder      : binding parameter [1] as [BIGINT] - [10001]
2018-05-15 16:11:49.338 TRACE 10969 --- [           main] o.h.type.descriptor.sql.BasicExtractor   : extracted value ([id1_1_2_] : [BIGINT]) - [10001]
2018-05-15 16:11:49.339 TRACE 10969 --- [           main] o.h.type.descriptor.sql.BasicExtractor   : extracted value ([created_2_0_0_] : [TIMESTAMP]) - [2018-05-15T16:11:48.644]
2018-05-15 16:11:49.339 TRACE 10969 --- [           main] o.h.type.descriptor.sql.BasicExtractor   : extracted value ([active3_0_0_] : [BOOLEAN]) - [true]
2018-05-15 16:11:49.339 TRACE 10969 --- [           main] o.h.type.descriptor.sql.BasicExtractor   : extracted value ([account_4_0_0_] : [BOOLEAN]) - [true]
2018-05-15 16:11:49.339 TRACE 10969 --- [           main] o.h.type.descriptor.sql.BasicExtractor   : extracted value ([last_log5_0_0_] : [TIMESTAMP]) - [2018-05-15T16:11:48.644]
2018-05-15 16:11:49.339 TRACE 10969 --- [           main] o.h.type.descriptor.sql.BasicExtractor   : extracted value ([login6_0_0_] : [VARCHAR]) - [user1]
2018-05-15 16:11:49.339 TRACE 10969 --- [           main] o.h.type.descriptor.sql.BasicExtractor   : extracted value ([modified7_0_0_] : [TIMESTAMP]) - [2018-05-15T16:11:48.644]
2018-05-15 16:11:49.339 TRACE 10969 --- [           main] o.h.type.descriptor.sql.BasicExtractor   : extracted value ([pwd_file8_0_0_] : [VARCHAR]) - [file.txt]
2018-05-15 16:11:49.339 TRACE 10969 --- [           main] o.h.type.descriptor.sql.BasicExtractor   : extracted value ([app_pro10_1_1_] : [BIGINT]) - [10001]
2018-05-15 16:11:49.339 TRACE 10969 --- [           main] o.h.type.descriptor.sql.BasicExtractor   : extracted value ([id1_1_1_] : [BIGINT]) - [10001]
2018-05-15 16:11:49.339 TRACE 10969 --- [           main] o.h.type.descriptor.sql.BasicExtractor   : extracted value ([id1_1_2_] : [BIGINT]) - [10002]
2018-05-15 16:11:49.339 TRACE 10969 --- [           main] o.h.type.descriptor.sql.BasicExtractor   : extracted value ([app_pro10_1_1_] : [BIGINT]) - [10001]
2018-05-15 16:11:49.339 TRACE 10969 --- [           main] o.h.type.descriptor.sql.BasicExtractor   : extracted value ([id1_1_1_] : [BIGINT]) - [10002]
2018-05-15 16:11:49.339 TRACE 10969 --- [           main] o.h.type.descriptor.sql.BasicExtractor   : extracted value ([id1_1_2_] : [BIGINT]) - [10003]
2018-05-15 16:11:49.340 TRACE 10969 --- [           main] o.h.type.descriptor.sql.BasicExtractor   : extracted value ([app_pro10_1_1_] : [BIGINT]) - [10001]
2018-05-15 16:11:49.340 TRACE 10969 --- [           main] o.h.type.descriptor.sql.BasicExtractor   : extracted value ([id1_1_1_] : [BIGINT]) - [10003]
Hibernate: 
    select
        user0_.id as id1_2_0_,
        user0_.app_profile_id as app_prof9_2_0_,
        user0_.created_date as created_2_2_0_,
        user0_.email as email3_2_0_,
        user0_.first_name as first_na4_2_0_,
        user0_.last_name as last_nam5_2_0_,
        user0_.modified_date as modified6_2_0_,
        user0_.password as password7_2_0_,
        user0_.user_salt as user_sal8_2_0_ 
    from
        user user0_ 
    where
        user0_.app_profile_id=?
2018-05-15 16:11:49.340 TRACE 10969 --- [           main] o.h.type.descriptor.sql.BasicBinder      : binding parameter [1] as [BIGINT] - [10001]
2018-05-15 16:11:49.340 TRACE 10969 --- [           main] o.h.type.descriptor.sql.BasicExtractor   : extracted value ([id1_2_0_] : [BIGINT]) - [10001]
2018-05-15 16:11:49.340 TRACE 10969 --- [           main] o.h.type.descriptor.sql.BasicExtractor   : extracted value ([app_prof9_2_0_] : [BIGINT]) - [10001]
2018-05-15 16:11:49.340 TRACE 10969 --- [           main] o.h.type.descriptor.sql.BasicExtractor   : extracted value ([created_2_2_0_] : [TIMESTAMP]) - [2018-05-15T16:11:48.645]
2018-05-15 16:11:49.340 TRACE 10969 --- [           main] o.h.type.descriptor.sql.BasicExtractor   : extracted value ([email3_2_0_] : [VARCHAR]) - [foo@foo.com]
2018-05-15 16:11:49.341 TRACE 10969 --- [           main] o.h.type.descriptor.sql.BasicExtractor   : extracted value ([first_na4_2_0_] : [VARCHAR]) - [Todd]
2018-05-15 16:11:49.341 TRACE 10969 --- [           main] o.h.type.descriptor.sql.BasicExtractor   : extracted value ([last_nam5_2_0_] : [VARCHAR]) - [McDee]
2018-05-15 16:11:49.341 TRACE 10969 --- [           main] o.h.type.descriptor.sql.BasicExtractor   : extracted value ([modified6_2_0_] : [TIMESTAMP]) - [2018-05-15T16:11:48.645]
2018-05-15 16:11:49.341 TRACE 10969 --- [           main] o.h.type.descriptor.sql.BasicExtractor   : extracted value ([password7_2_0_] : [VARBINARY]) - [[-85, -51, 69]]
2018-05-15 16:11:49.341 TRACE 10969 --- [           main] o.h.type.descriptor.sql.BasicExtractor   : extracted value ([user_sal8_2_0_] : [VARBINARY]) - [[-85, -51, 70]]
Hibernate: 
    select
        appprofile0_.id as id1_0_0_,
        appprofile0_.created_date as created_2_0_0_,
        appprofile0_.active as active3_0_0_,
        appprofile0_.account_locked as account_4_0_0_,
        appprofile0_.last_logindtm as last_log5_0_0_,
        appprofile0_.login as login6_0_0_,
        appprofile0_.modified_date as modified7_0_0_,
        appprofile0_.pwd_file_name as pwd_file8_0_0_,
        sites1_.app_profile_id as app_pro10_1_1_,
        sites1_.id as id1_1_1_,
        sites1_.id as id1_1_2_,
        sites1_.app_profile_id as app_pro10_1_2_,
        sites1_.category_name as category2_1_2_,
        sites1_.created_date as created_3_1_2_,
        sites1_.login as login4_1_2_,
        sites1_.modified_date as modified5_1_2_,
        sites1_.name as name6_1_2_,
        sites1_.notes as notes7_1_2_,
        sites1_.site_pwd as site_pwd8_1_2_,
        sites1_.siteurl as siteurl9_1_2_ 
    from
        app_profile appprofile0_ 
    left outer join
        site sites1_ 
            on appprofile0_.id=sites1_.app_profile_id 
    where
        appprofile0_.id=?
2018-05-15 16:11:49.341 TRACE 10969 --- [           main] o.h.type.descriptor.sql.BasicBinder      : binding parameter [1] as [BIGINT] - [10002]
2018-05-15 16:11:49.342 TRACE 10969 --- [           main] o.h.type.descriptor.sql.BasicExtractor   : extracted value ([id1_1_2_] : [BIGINT]) - [10004]
2018-05-15 16:11:49.342 TRACE 10969 --- [           main] o.h.type.descriptor.sql.BasicExtractor   : extracted value ([created_2_0_0_] : [TIMESTAMP]) - [2018-05-15T16:11:48.644]
2018-05-15 16:11:49.342 TRACE 10969 --- [           main] o.h.type.descriptor.sql.BasicExtractor   : extracted value ([active3_0_0_] : [BOOLEAN]) - [true]
2018-05-15 16:11:49.342 TRACE 10969 --- [           main] o.h.type.descriptor.sql.BasicExtractor   : extracted value ([account_4_0_0_] : [BOOLEAN]) - [true]
2018-05-15 16:11:49.342 TRACE 10969 --- [           main] o.h.type.descriptor.sql.BasicExtractor   : extracted value ([last_log5_0_0_] : [TIMESTAMP]) - [2018-05-15T16:11:48.644]
2018-05-15 16:11:49.342 TRACE 10969 --- [           main] o.h.type.descriptor.sql.BasicExtractor   : extracted value ([login6_0_0_] : [VARCHAR]) - [user2]
2018-05-15 16:11:49.342 TRACE 10969 --- [           main] o.h.type.descriptor.sql.BasicExtractor   : extracted value ([modified7_0_0_] : [TIMESTAMP]) - [2018-05-15T16:11:48.644]
2018-05-15 16:11:49.342 TRACE 10969 --- [           main] o.h.type.descriptor.sql.BasicExtractor   : extracted value ([pwd_file8_0_0_] : [VARCHAR]) - [file.txt]
2018-05-15 16:11:49.342 TRACE 10969 --- [           main] o.h.type.descriptor.sql.BasicExtractor   : extracted value ([app_pro10_1_1_] : [BIGINT]) - [10002]
2018-05-15 16:11:49.342 TRACE 10969 --- [           main] o.h.type.descriptor.sql.BasicExtractor   : extracted value ([id1_1_1_] : [BIGINT]) - [10004]
2018-05-15 16:11:49.342 TRACE 10969 --- [           main] o.h.type.descriptor.sql.BasicExtractor   : extracted value ([id1_1_2_] : [BIGINT]) - [10005]
2018-05-15 16:11:49.342 TRACE 10969 --- [           main] o.h.type.descriptor.sql.BasicExtractor   : extracted value ([app_pro10_1_1_] : [BIGINT]) - [10002]
2018-05-15 16:11:49.342 TRACE 10969 --- [           main] o.h.type.descriptor.sql.BasicExtractor   : extracted value ([id1_1_1_] : [BIGINT]) - [10005]
2018-05-15 16:11:49.342 TRACE 10969 --- [           main] o.h.type.descriptor.sql.BasicExtractor   : extracted value ([id1_1_2_] : [BIGINT]) - [10006]
2018-05-15 16:11:49.343 TRACE 10969 --- [           main] o.h.type.descriptor.sql.BasicExtractor   : extracted value ([app_pro10_1_1_] : [BIGINT]) - [10002]
2018-05-15 16:11:49.343 TRACE 10969 --- [           main] o.h.type.descriptor.sql.BasicExtractor   : extracted value ([id1_1_1_] : [BIGINT]) - [10006]
Hibernate: 
    select
        user0_.id as id1_2_0_,
        user0_.app_profile_id as app_prof9_2_0_,
        user0_.created_date as created_2_2_0_,
        user0_.email as email3_2_0_,
        user0_.first_name as first_na4_2_0_,
        user0_.last_name as last_nam5_2_0_,
        user0_.modified_date as modified6_2_0_,
        user0_.password as password7_2_0_,
        user0_.user_salt as user_sal8_2_0_ 
    from
        user user0_ 
    where
        user0_.app_profile_id=?
2018-05-15 16:11:49.343 TRACE 10969 --- [           main] o.h.type.descriptor.sql.BasicBinder      : binding parameter [1] as [BIGINT] - [10002]
2018-05-15 16:11:49.343 TRACE 10969 --- [           main] o.h.type.descriptor.sql.BasicExtractor   : extracted value ([id1_2_0_] : [BIGINT]) - [10002]
2018-05-15 16:11:49.343 TRACE 10969 --- [           main] o.h.type.descriptor.sql.BasicExtractor   : extracted value ([app_prof9_2_0_] : [BIGINT]) - [10002]
2018-05-15 16:11:49.343 TRACE 10969 --- [           main] o.h.type.descriptor.sql.BasicExtractor   : extracted value ([created_2_2_0_] : [TIMESTAMP]) - [2018-05-15T16:11:48.646]
2018-05-15 16:11:49.343 TRACE 10969 --- [           main] o.h.type.descriptor.sql.BasicExtractor   : extracted value ([email3_2_0_] : [VARCHAR]) - [foo@foo.com]
2018-05-15 16:11:49.343 TRACE 10969 --- [           main] o.h.type.descriptor.sql.BasicExtractor   : extracted value ([first_na4_2_0_] : [VARCHAR]) - [Todd]
2018-05-15 16:11:49.343 TRACE 10969 --- [           main] o.h.type.descriptor.sql.BasicExtractor   : extracted value ([last_nam5_2_0_] : [VARCHAR]) - [McDee]
2018-05-15 16:11:49.343 TRACE 10969 --- [           main] o.h.type.descriptor.sql.BasicExtractor   : extracted value ([modified6_2_0_] : [TIMESTAMP]) - [2018-05-15T16:11:48.646]
2018-05-15 16:11:49.343 TRACE 10969 --- [           main] o.h.type.descriptor.sql.BasicExtractor   : extracted value ([password7_2_0_] : [VARBINARY]) - [[-85, -51, 69]]
2018-05-15 16:11:49.344 TRACE 10969 --- [           main] o.h.type.descriptor.sql.BasicExtractor   : extracted value ([user_sal8_2_0_] : [VARBINARY]) - [[-85, -51, 70]]
Hibernate: 
    select
        appprofile0_.id as id1_0_0_,
        appprofile0_.created_date as created_2_0_0_,
        appprofile0_.active as active3_0_0_,
        appprofile0_.account_locked as account_4_0_0_,
        appprofile0_.last_logindtm as last_log5_0_0_,
        appprofile0_.login as login6_0_0_,
        appprofile0_.modified_date as modified7_0_0_,
        appprofile0_.pwd_file_name as pwd_file8_0_0_,
        sites1_.app_profile_id as app_pro10_1_1_,
        sites1_.id as id1_1_1_,
        sites1_.id as id1_1_2_,
        sites1_.app_profile_id as app_pro10_1_2_,
        sites1_.category_name as category2_1_2_,
        sites1_.created_date as created_3_1_2_,
        sites1_.login as login4_1_2_,
        sites1_.modified_date as modified5_1_2_,
        sites1_.name as name6_1_2_,
        sites1_.notes as notes7_1_2_,
        sites1_.site_pwd as site_pwd8_1_2_,
        sites1_.siteurl as siteurl9_1_2_ 
    from
        app_profile appprofile0_ 
    left outer join
        site sites1_ 
            on appprofile0_.id=sites1_.app_profile_id 
    where
        appprofile0_.id=?
2018-05-15 16:11:49.344 TRACE 10969 --- [           main] o.h.type.descriptor.sql.BasicBinder      : binding parameter [1] as [BIGINT] - [10003]
2018-05-15 16:11:49.344 TRACE 10969 --- [           main] o.h.type.descriptor.sql.BasicExtractor   : extracted value ([id1_1_2_] : [BIGINT]) - [10007]
2018-05-15 16:11:49.344 TRACE 10969 --- [           main] o.h.type.descriptor.sql.BasicExtractor   : extracted value ([created_2_0_0_] : [TIMESTAMP]) - [2018-05-15T16:11:48.645]
2018-05-15 16:11:49.345 TRACE 10969 --- [           main] o.h.type.descriptor.sql.BasicExtractor   : extracted value ([active3_0_0_] : [BOOLEAN]) - [true]
2018-05-15 16:11:49.345 TRACE 10969 --- [           main] o.h.type.descriptor.sql.BasicExtractor   : extracted value ([account_4_0_0_] : [BOOLEAN]) - [true]
2018-05-15 16:11:49.345 TRACE 10969 --- [           main] o.h.type.descriptor.sql.BasicExtractor   : extracted value ([last_log5_0_0_] : [TIMESTAMP]) - [2018-05-15T16:11:48.645]
2018-05-15 16:11:49.345 TRACE 10969 --- [           main] o.h.type.descriptor.sql.BasicExtractor   : extracted value ([login6_0_0_] : [VARCHAR]) - [user3]
2018-05-15 16:11:49.345 TRACE 10969 --- [           main] o.h.type.descriptor.sql.BasicExtractor   : extracted value ([modified7_0_0_] : [TIMESTAMP]) - [2018-05-15T16:11:48.645]
2018-05-15 16:11:49.345 TRACE 10969 --- [           main] o.h.type.descriptor.sql.BasicExtractor   : extracted value ([pwd_file8_0_0_] : [VARCHAR]) - [file.txt]
2018-05-15 16:11:49.345 TRACE 10969 --- [           main] o.h.type.descriptor.sql.BasicExtractor   : extracted value ([app_pro10_1_1_] : [BIGINT]) - [10003]
2018-05-15 16:11:49.345 TRACE 10969 --- [           main] o.h.type.descriptor.sql.BasicExtractor   : extracted value ([id1_1_1_] : [BIGINT]) - [10007]
2018-05-15 16:11:49.345 TRACE 10969 --- [           main] o.h.type.descriptor.sql.BasicExtractor   : extracted value ([id1_1_2_] : [BIGINT]) - [10008]
2018-05-15 16:11:49.345 TRACE 10969 --- [           main] o.h.type.descriptor.sql.BasicExtractor   : extracted value ([app_pro10_1_1_] : [BIGINT]) - [10003]
2018-05-15 16:11:49.345 TRACE 10969 --- [           main] o.h.type.descriptor.sql.BasicExtractor   : extracted value ([id1_1_1_] : [BIGINT]) - [10008]
2018-05-15 16:11:49.345 TRACE 10969 --- [           main] o.h.type.descriptor.sql.BasicExtractor   : extracted value ([id1_1_2_] : [BIGINT]) - [10009]
2018-05-15 16:11:49.345 TRACE 10969 --- [           main] o.h.type.descriptor.sql.BasicExtractor   : extracted value ([app_pro10_1_1_] : [BIGINT]) - [10003]
2018-05-15 16:11:49.345 TRACE 10969 --- [           main] o.h.type.descriptor.sql.BasicExtractor   : extracted value ([id1_1_1_] : [BIGINT]) - [10009]
Hibernate: 
    select
        user0_.id as id1_2_0_,
        user0_.app_profile_id as app_prof9_2_0_,
        user0_.created_date as created_2_2_0_,
        user0_.email as email3_2_0_,
        user0_.first_name as first_na4_2_0_,
        user0_.last_name as last_nam5_2_0_,
        user0_.modified_date as modified6_2_0_,
        user0_.password as password7_2_0_,
        user0_.user_salt as user_sal8_2_0_ 
    from
        user user0_ 
    where
        user0_.app_profile_id=?
2018-05-15 16:11:49.346 TRACE 10969 --- [           main] o.h.type.descriptor.sql.BasicBinder      : binding parameter [1] as [BIGINT] - [10003]
2018-05-15 16:11:49.346 TRACE 10969 --- [           main] o.h.type.descriptor.sql.BasicExtractor   : extracted value ([id1_2_0_] : [BIGINT]) - [10003]
2018-05-15 16:11:49.346 TRACE 10969 --- [           main] o.h.type.descriptor.sql.BasicExtractor   : extracted value ([app_prof9_2_0_] : [BIGINT]) - [10003]
2018-05-15 16:11:49.346 TRACE 10969 --- [           main] o.h.type.descriptor.sql.BasicExtractor   : extracted value ([created_2_2_0_] : [TIMESTAMP]) - [2018-05-15T16:11:48.646]
2018-05-15 16:11:49.346 TRACE 10969 --- [           main] o.h.type.descriptor.sql.BasicExtractor   : extracted value ([email3_2_0_] : [VARCHAR]) - [foo@foo.com]
2018-05-15 16:11:49.346 TRACE 10969 --- [           main] o.h.type.descriptor.sql.BasicExtractor   : extracted value ([first_na4_2_0_] : [VARCHAR]) - [Todd]
2018-05-15 16:11:49.346 TRACE 10969 --- [           main] o.h.type.descriptor.sql.BasicExtractor   : extracted value ([last_nam5_2_0_] : [VARCHAR]) - [McDee]
2018-05-15 16:11:49.346 TRACE 10969 --- [           main] o.h.type.descriptor.sql.BasicExtractor   : extracted value ([modified6_2_0_] : [TIMESTAMP]) - [2018-05-15T16:11:48.646]
2018-05-15 16:11:49.346 TRACE 10969 --- [           main] o.h.type.descriptor.sql.BasicExtractor   : extracted value ([password7_2_0_] : [VARBINARY]) - [[-85, -51, 69]]
2018-05-15 16:11:49.346 TRACE 10969 --- [           main] o.h.type.descriptor.sql.BasicExtractor   : extracted value ([user_sal8_2_0_] : [VARBINARY]) - [[-85, -51, 70]]
2018-05-15 16:11:49.347 DEBUG 10969 --- [           main] o.h.s.internal.ConcurrentStatisticsImpl  : HHH000117: HQL: select s from Site s, time: 17ms, rows: 9
2018-05-15 16:11:49.348  INFO 10969 --- [           main] i.StatisticalLoggingSessionEventListener : Session Metrics {
    12625 nanoseconds spent acquiring 1 JDBC connections;
    0 nanoseconds spent releasing 0 JDBC connections;
    886897 nanoseconds spent preparing 7 JDBC statements;
    833865 nanoseconds spent executing 7 JDBC statements;
    0 nanoseconds spent executing 0 JDBC batches;
    0 nanoseconds spent performing 0 L2C puts;
    0 nanoseconds spent performing 0 L2C hits;
    0 nanoseconds spent performing 0 L2C misses;
    547346 nanoseconds spent executing 1 flushes (flushing a total of 15 entities and 3 collections);
    4515 nanoseconds spent executing 1 partial-flushes (flushing a total of 0 entities and 0 collections)
}
Hibernate: 
    select
        appprofile0_.id as id1_0_,
        appprofile0_.created_date as created_2_0_,
        appprofile0_.active as active3_0_,
        appprofile0_.account_locked as account_4_0_,
        appprofile0_.last_logindtm as last_log5_0_,
        appprofile0_.login as login6_0_,
        appprofile0_.modified_date as modified7_0_,
        appprofile0_.pwd_file_name as pwd_file8_0_ 
    from
        app_profile appprofile0_
2018-05-15 16:11:49.349 TRACE 10969 --- [           main] o.h.type.descriptor.sql.BasicExtractor   : extracted value ([id1_0_] : [BIGINT]) - [10001]
2018-05-15 16:11:49.349 TRACE 10969 --- [           main] o.h.type.descriptor.sql.BasicExtractor   : extracted value ([created_2_0_] : [TIMESTAMP]) - [2018-05-15T16:11:48.644]
2018-05-15 16:11:49.349 TRACE 10969 --- [           main] o.h.type.descriptor.sql.BasicExtractor   : extracted value ([active3_0_] : [BOOLEAN]) - [true]
2018-05-15 16:11:49.349 TRACE 10969 --- [           main] o.h.type.descriptor.sql.BasicExtractor   : extracted value ([account_4_0_] : [BOOLEAN]) - [true]
2018-05-15 16:11:49.349 TRACE 10969 --- [           main] o.h.type.descriptor.sql.BasicExtractor   : extracted value ([last_log5_0_] : [TIMESTAMP]) - [2018-05-15T16:11:48.644]
2018-05-15 16:11:49.349 TRACE 10969 --- [           main] o.h.type.descriptor.sql.BasicExtractor   : extracted value ([login6_0_] : [VARCHAR]) - [user1]
2018-05-15 16:11:49.349 TRACE 10969 --- [           main] o.h.type.descriptor.sql.BasicExtractor   : extracted value ([modified7_0_] : [TIMESTAMP]) - [2018-05-15T16:11:48.644]
2018-05-15 16:11:49.349 TRACE 10969 --- [           main] o.h.type.descriptor.sql.BasicExtractor   : extracted value ([pwd_file8_0_] : [VARCHAR]) - [file.txt]
2018-05-15 16:11:49.349 TRACE 10969 --- [           main] o.h.type.descriptor.sql.BasicExtractor   : extracted value ([id1_0_] : [BIGINT]) - [10002]
2018-05-15 16:11:49.349 TRACE 10969 --- [           main] o.h.type.descriptor.sql.BasicExtractor   : extracted value ([created_2_0_] : [TIMESTAMP]) - [2018-05-15T16:11:48.644]
2018-05-15 16:11:49.349 TRACE 10969 --- [           main] o.h.type.descriptor.sql.BasicExtractor   : extracted value ([active3_0_] : [BOOLEAN]) - [true]
2018-05-15 16:11:49.349 TRACE 10969 --- [           main] o.h.type.descriptor.sql.BasicExtractor   : extracted value ([account_4_0_] : [BOOLEAN]) - [true]
2018-05-15 16:11:49.349 TRACE 10969 --- [           main] o.h.type.descriptor.sql.BasicExtractor   : extracted value ([last_log5_0_] : [TIMESTAMP]) - [2018-05-15T16:11:48.644]
2018-05-15 16:11:49.349 TRACE 10969 --- [           main] o.h.type.descriptor.sql.BasicExtractor   : extracted value ([login6_0_] : [VARCHAR]) - [user2]
2018-05-15 16:11:49.350 TRACE 10969 --- [           main] o.h.type.descriptor.sql.BasicExtractor   : extracted value ([modified7_0_] : [TIMESTAMP]) - [2018-05-15T16:11:48.644]
2018-05-15 16:11:49.350 TRACE 10969 --- [           main] o.h.type.descriptor.sql.BasicExtractor   : extracted value ([pwd_file8_0_] : [VARCHAR]) - [file.txt]
2018-05-15 16:11:49.350 TRACE 10969 --- [           main] o.h.type.descriptor.sql.BasicExtractor   : extracted value ([id1_0_] : [BIGINT]) - [10003]
2018-05-15 16:11:49.350 TRACE 10969 --- [           main] o.h.type.descriptor.sql.BasicExtractor   : extracted value ([created_2_0_] : [TIMESTAMP]) - [2018-05-15T16:11:48.645]
2018-05-15 16:11:49.350 TRACE 10969 --- [           main] o.h.type.descriptor.sql.BasicExtractor   : extracted value ([active3_0_] : [BOOLEAN]) - [true]
2018-05-15 16:11:49.350 TRACE 10969 --- [           main] o.h.type.descriptor.sql.BasicExtractor   : extracted value ([account_4_0_] : [BOOLEAN]) - [true]
2018-05-15 16:11:49.350 TRACE 10969 --- [           main] o.h.type.descriptor.sql.BasicExtractor   : extracted value ([last_log5_0_] : [TIMESTAMP]) - [2018-05-15T16:11:48.645]
2018-05-15 16:11:49.350 TRACE 10969 --- [           main] o.h.type.descriptor.sql.BasicExtractor   : extracted value ([login6_0_] : [VARCHAR]) - [user3]
2018-05-15 16:11:49.350 TRACE 10969 --- [           main] o.h.type.descriptor.sql.BasicExtractor   : extracted value ([modified7_0_] : [TIMESTAMP]) - [2018-05-15T16:11:48.645]
2018-05-15 16:11:49.350 TRACE 10969 --- [           main] o.h.type.descriptor.sql.BasicExtractor   : extracted value ([pwd_file8_0_] : [VARCHAR]) - [file.txt]
2018-05-15 16:11:49.350 TRACE 10969 --- [           main] o.h.type.descriptor.sql.BasicExtractor   : extracted value ([id1_0_] : [BIGINT]) - [10004]
2018-05-15 16:11:49.350 TRACE 10969 --- [           main] o.h.type.descriptor.sql.BasicExtractor   : extracted value ([created_2_0_] : [TIMESTAMP]) - [2018-05-15T16:11:48.645]
2018-05-15 16:11:49.350 TRACE 10969 --- [           main] o.h.type.descriptor.sql.BasicExtractor   : extracted value ([active3_0_] : [BOOLEAN]) - [true]
2018-05-15 16:11:49.350 TRACE 10969 --- [           main] o.h.type.descriptor.sql.BasicExtractor   : extracted value ([account_4_0_] : [BOOLEAN]) - [true]
2018-05-15 16:11:49.350 TRACE 10969 --- [           main] o.h.type.descriptor.sql.BasicExtractor   : extracted value ([last_log5_0_] : [TIMESTAMP]) - [2018-05-15T16:11:48.645]
[...]
2018-05-15 16:11:49.412 TRACE 10969 --- [           main] o.h.type.descriptor.sql.BasicBinder      : binding parameter [8] as [VARBINARY] - [[84, 101, 115, 116, 80, 97, 115, 115, 119, 111, 114, 100]]
2018-05-15 16:11:49.412 TRACE 10969 --- [           main] o.h.type.descriptor.sql.BasicBinder      : binding parameter [9] as [VARCHAR] - [test@test.com]
Hibernate: 
    select
        appprofile0_.id as id1_0_0_,
        appprofile0_.created_date as created_2_0_0_,
        appprofile0_.active as active3_0_0_,
        appprofile0_.account_locked as account_4_0_0_,
        appprofile0_.last_logindtm as last_log5_0_0_,
        appprofile0_.login as login6_0_0_,
        appprofile0_.modified_date as modified7_0_0_,
        appprofile0_.pwd_file_name as pwd_file8_0_0_ 
    from
        app_profile appprofile0_ 
    where
        appprofile0_.id=?
2018-05-15 16:11:49.413 TRACE 10969 --- [           main] o.h.type.descriptor.sql.BasicBinder      : binding parameter [1] as [BIGINT] - [10006]
2018-05-15 16:11:49.413 TRACE 10969 --- [           main] o.h.type.descriptor.sql.BasicExtractor   : extracted value ([created_2_0_0_] : [TIMESTAMP]) - [2018-05-15T16:11:49.374]
2018-05-15 16:11:49.413 TRACE 10969 --- [           main] o.h.type.descriptor.sql.BasicExtractor   : extracted value ([active3_0_0_] : [BOOLEAN]) - [true]
2018-05-15 16:11:49.413 TRACE 10969 --- [           main] o.h.type.descriptor.sql.BasicExtractor   : extracted value ([account_4_0_0_] : [BOOLEAN]) - [false]
2018-05-15 16:11:49.413 TRACE 10969 --- [           main] o.h.type.descriptor.sql.BasicExtractor   : extracted value ([last_log5_0_0_] : [TIMESTAMP]) - [2018-05-15T16:11:49.371]
2018-05-15 16:11:49.413 TRACE 10969 --- [           main] o.h.type.descriptor.sql.BasicExtractor   : extracted value ([login6_0_0_] : [VARCHAR]) - [New User XX]
2018-05-15 16:11:49.413 TRACE 10969 --- [           main] o.h.type.descriptor.sql.BasicExtractor   : extracted value ([modified7_0_0_] : [TIMESTAMP]) - [2018-05-15T16:11:49.374]
2018-05-15 16:11:49.413 TRACE 10969 --- [           main] o.h.type.descriptor.sql.BasicExtractor   : extracted value ([pwd_file8_0_0_] : [VARCHAR]) - [Foo.xml]
2018-05-15 16:11:49.413 TRACE 10969 --- [           main] org.hibernate.type.CollectionType        : Created collection wrapper: [com.ibexsys.pwd.entity.AppProfile.sites#10006]
Hibernate: 
    select
        user0_.id as id1_2_0_,
        user0_.app_profile_id as app_prof9_2_0_,
        user0_.created_date as created_2_2_0_,
        user0_.email as email3_2_0_,
        user0_.first_name as first_na4_2_0_,
        user0_.last_name as last_nam5_2_0_,
        user0_.modified_date as modified6_2_0_,
        user0_.password as password7_2_0_,
        user0_.user_salt as user_sal8_2_0_ 
    from
        user user0_ 
    where
        user0_.app_profile_id=?
2018-05-15 16:11:49.414 TRACE 10969 --- [           main] o.h.type.descriptor.sql.BasicBinder      : binding parameter [1] as [BIGINT] - [10006]
2018-05-15 16:11:49.414 TRACE 10969 --- [           main] o.h.type.descriptor.sql.BasicExtractor   : extracted value ([id1_2_0_] : [BIGINT]) - [10006]
2018-05-15 16:11:49.414 TRACE 10969 --- [           main] o.h.type.descriptor.sql.BasicExtractor   : extracted value ([app_prof9_2_0_] : [BIGINT]) - [10006]
2018-05-15 16:11:49.414 TRACE 10969 --- [           main] o.h.type.descriptor.sql.BasicExtractor   : extracted value ([created_2_2_0_] : [TIMESTAMP]) - [2018-05-15T16:11:49.372]
2018-05-15 16:11:49.414 TRACE 10969 --- [           main] o.h.type.descriptor.sql.BasicExtractor   : extracted value ([email3_2_0_] : [VARCHAR]) - [foo@foo.bar]
2018-05-15 16:11:49.414 TRACE 10969 --- [           main] o.h.type.descriptor.sql.BasicExtractor   : extracted value ([first_na4_2_0_] : [VARCHAR]) - [FooName]
2018-05-15 16:11:49.414 TRACE 10969 --- [           main] o.h.type.descriptor.sql.BasicExtractor   : extracted value ([last_nam5_2_0_] : [VARCHAR]) - [fooLastName]
2018-05-15 16:11:49.414 TRACE 10969 --- [           main] o.h.type.descriptor.sql.BasicExtractor   : extracted value ([modified6_2_0_] : [TIMESTAMP]) - [2018-05-15T16:11:49.375]
2018-05-15 16:11:49.414 TRACE 10969 --- [           main] o.h.type.descriptor.sql.BasicExtractor   : extracted value ([password7_2_0_] : [VARBINARY]) - [[84, 101, 115, 116, 80, 97, 115, 115, 119, 111, 114, 100]]
2018-05-15 16:11:49.414 TRACE 10969 --- [           main] o.h.type.descriptor.sql.BasicExtractor   : extracted value ([user_sal8_2_0_] : [VARBINARY]) - [[85, 115, 101, 114, 83, 105, 116, 101]]
Hibernate: 
    select
        sites0_.app_profile_id as app_pro10_1_0_,
        sites0_.id as id1_1_0_,
        sites0_.id as id1_1_1_,
        sites0_.app_profile_id as app_pro10_1_1_,
        sites0_.category_name as category2_1_1_,
        sites0_.created_date as created_3_1_1_,
        sites0_.login as login4_1_1_,
        sites0_.modified_date as modified5_1_1_,
        sites0_.name as name6_1_1_,
        sites0_.notes as notes7_1_1_,
        sites0_.site_pwd as site_pwd8_1_1_,
        sites0_.siteurl as siteurl9_1_1_ 
    from
        site sites0_ 
    where
        sites0_.app_profile_id=?
2018-05-15 16:11:49.415 TRACE 10969 --- [           main] o.h.type.descriptor.sql.BasicBinder      : binding parameter [1] as [BIGINT] - [10006]
2018-05-15 16:11:49.415 TRACE 10969 --- [           main] o.h.type.descriptor.sql.BasicExtractor   : extracted value ([id1_1_1_] : [BIGINT]) - [10010]
2018-05-15 16:11:49.415 TRACE 10969 --- [           main] o.h.type.descriptor.sql.BasicExtractor   : extracted value ([app_pro10_1_1_] : [BIGINT]) - [10006]
2018-05-15 16:11:49.415 TRACE 10969 --- [           main] o.h.type.descriptor.sql.BasicExtractor   : extracted value ([category2_1_1_] : [VARCHAR]) - [ROOT]
2018-05-15 16:11:49.415 TRACE 10969 --- [           main] o.h.type.descriptor.sql.BasicExtractor   : extracted value ([created_3_1_1_] : [TIMESTAMP]) - [2018-05-15T16:11:49.378]
2018-05-15 16:11:49.415 TRACE 10969 --- [           main] o.h.type.descriptor.sql.BasicExtractor   : extracted value ([login4_1_1_] : [VARCHAR]) - [testLogin]
2018-05-15 16:11:49.415 TRACE 10969 --- [           main] o.h.type.descriptor.sql.BasicExtractor   : extracted value ([modified5_1_1_] : [TIMESTAMP]) - [2018-05-15T16:11:49.382]
2018-05-15 16:11:49.415 TRACE 10969 --- [           main] o.h.type.descriptor.sql.BasicExtractor   : extracted value ([name6_1_1_] : [VARCHAR]) - [Test Site - 0]
2018-05-15 16:11:49.415 TRACE 10969 --- [           main] o.h.type.descriptor.sql.BasicExtractor   : extracted value ([notes7_1_1_] : [VARCHAR]) - [notes]
2018-05-15 16:11:49.415 TRACE 10969 --- [           main] o.h.type.descriptor.sql.BasicExtractor   : extracted value ([site_pwd8_1_1_] : [VARBINARY]) - [[84, 101, 115, 116, 80, 97, 115, 115, 119, 111, 114, 100]]
2018-05-15 16:11:49.415 TRACE 10969 --- [           main] o.h.type.descriptor.sql.BasicExtractor   : extracted value ([siteurl9_1_1_] : [VARCHAR]) - [test@test.com]
2018-05-15 16:11:49.415 TRACE 10969 --- [           main] o.h.type.descriptor.sql.BasicExtractor   : extracted value ([app_pro10_1_0_] : [BIGINT]) - [10006]
2018-05-15 16:11:49.416 TRACE 10969 --- [           main] o.h.type.descriptor.sql.BasicExtractor   : extracted value ([id1_1_0_] : [BIGINT]) - [10010]
2018-05-15 16:11:49.416 TRACE 10969 --- [           main] o.h.type.descriptor.sql.BasicExtractor   : extracted value ([id1_1_1_] : [BIGINT]) - [10011]
2018-05-15 16:11:49.416 TRACE 10969 --- [           main] o.h.type.descriptor.sql.BasicExtractor   : extracted value ([app_pro10_1_1_] : [BIGINT]) - [10006]
2018-05-15 16:11:49.416 TRACE 10969 --- [           main] o.h.type.descriptor.sql.BasicExtractor   : extracted value ([category2_1_1_] : [VARCHAR]) - [ROOT]
2018-05-15 16:11:49.416 TRACE 10969 --- [           main] o.h.type.descriptor.sql.BasicExtractor   : extracted value ([created_3_1_1_] : [TIMESTAMP]) - [2018-05-15T16:11:49.384]
2018-05-15 16:11:49.416 TRACE 10969 --- [           main] o.h.type.descriptor.sql.BasicExtractor   : extracted value ([login4_1_1_] : [VARCHAR]) - [testLogin]
2018-05-15 16:11:49.416 TRACE 10969 --- [           main] o.h.type.descriptor.sql.BasicExtractor   : extracted value ([modified5_1_1_] : [TIMESTAMP]) - [2018-05-15T16:11:49.391]
2018-05-15 16:11:49.416 TRACE 10969 --- [           main] o.h.type.descriptor.sql.BasicExtractor   : extracted value ([name6_1_1_] : [VARCHAR]) - [Test Site - 1]
2018-05-15 16:11:49.416 TRACE 10969 --- [           main] o.h.type.descriptor.sql.BasicExtractor   : extracted value ([notes7_1_1_] : [VARCHAR]) - [notes]
2018-05-15 16:11:49.416 TRACE 10969 --- [           main] o.h.type.descriptor.sql.BasicExtractor   : extracted value ([site_pwd8_1_1_] : [VARBINARY]) - [[84, 101, 115, 116, 80, 97, 115, 115, 119, 111, 114, 100]]
2018-05-15 16:11:49.416 TRACE 10969 --- [           main] o.h.type.descriptor.sql.BasicExtractor   : extracted value ([siteurl9_1_1_] : [VARCHAR]) - [test@test.com]
2018-05-15 16:11:49.416 TRACE 10969 --- [           main] o.h.type.descriptor.sql.BasicExtractor   : extracted value ([app_pro10_1_0_] : [BIGINT]) - [10006]
2018-05-15 16:11:49.416 TRACE 10969 --- [           main] o.h.type.descriptor.sql.BasicExtractor   : extracted value ([id1_1_0_] : [BIGINT]) - [10011]
2018-05-15 16:11:49.416 TRACE 10969 --- [           main] o.h.type.descriptor.sql.BasicExtractor   : extracted value ([id1_1_1_] : [BIGINT]) - [10012]
2018-05-15 16:11:49.416 TRACE 10969 --- [           main] o.h.type.descriptor.sql.BasicExtractor   : extracted value ([app_pro10_1_1_] : [BIGINT]) - [10006]
2018-05-15 16:11:49.417 TRACE 10969 --- [           main] o.h.type.descriptor.sql.BasicExtractor   : extracted value ([category2_1_1_] : [VARCHAR]) - [ROOT]
2018-05-15 16:11:49.417 TRACE 10969 --- [           main] o.h.type.descriptor.sql.BasicExtractor   : extracted value ([created_3_1_1_] : [TIMESTAMP]) - [2018-05-15T16:11:49.393]
2018-05-15 16:11:49.417 TRACE 10969 --- [           main] o.h.type.descriptor.sql.BasicExtractor   : extracted value ([login4_1_1_] : [VARCHAR]) - [testLogin]
2018-05-15 16:11:49.417 TRACE 10969 --- [           main] o.h.type.descriptor.sql.BasicExtractor   : extracted value ([modified5_1_1_] : [TIMESTAMP]) - [2018-05-15T16:11:49.399]
2018-05-15 16:11:49.417 TRACE 10969 --- [           main] o.h.type.descriptor.sql.BasicExtractor   : extracted value ([name6_1_1_] : [VARCHAR]) - [Test Site - 2]
2018-05-15 16:11:49.417 TRACE 10969 --- [           main] o.h.type.descriptor.sql.BasicExtractor   : extracted value ([notes7_1_1_] : [VARCHAR]) - [notes]
2018-05-15 16:11:49.417 TRACE 10969 --- [           main] o.h.type.descriptor.sql.BasicExtractor   : extracted value ([site_pwd8_1_1_] : [VARBINARY]) - [[84, 101, 115, 116, 80, 97, 115, 115, 119, 111, 114, 100]]
2018-05-15 16:11:49.417 TRACE 10969 --- [           main] o.h.type.descriptor.sql.BasicExtractor   : extracted value ([siteurl9_1_1_] : [VARCHAR]) - [test@test.com]
2018-05-15 16:11:49.417 TRACE 10969 --- [           main] o.h.type.descriptor.sql.BasicExtractor   : extracted value ([app_pro10_1_0_] : [BIGINT]) - [10006]
2018-05-15 16:11:49.417 TRACE 10969 --- [           main] o.h.type.descriptor.sql.BasicExtractor   : extracted value ([id1_1_0_] : [BIGINT]) - [10012]
2018-05-15 16:11:49.417 TRACE 10969 --- [           main] o.h.type.descriptor.sql.BasicExtractor   : extracted value ([id1_1_1_] : [BIGINT]) - [10013]
2018-05-15 16:11:49.417 TRACE 10969 --- [           main] o.h.type.descriptor.sql.BasicExtractor   : extracted value ([app_pro10_1_1_] : [BIGINT]) - [10006]
2018-05-15 16:11:49.417 TRACE 10969 --- [           main] o.h.type.descriptor.sql.BasicExtractor   : extracted value ([category2_1_1_] : [VARCHAR]) - [ROOT]
2018-05-15 16:11:49.417 TRACE 10969 --- [           main] o.h.type.descriptor.sql.BasicExtractor   : extracted value ([created_3_1_1_] : [TIMESTAMP]) - [2018-05-15T16:11:49.401]
2018-05-15 16:11:49.417 TRACE 10969 --- [           main] o.h.type.descriptor.sql.BasicExtractor   : extracted value ([login4_1_1_] : [VARCHAR]) - [testLogin]
2018-05-15 16:11:49.417 TRACE 10969 --- [           main] o.h.type.descriptor.sql.BasicExtractor   : extracted value ([modified5_1_1_] : [TIMESTAMP]) - [2018-05-15T16:11:49.409]
2018-05-15 16:11:49.417 TRACE 10969 --- [           main] o.h.type.descriptor.sql.BasicExtractor   : extracted value ([name6_1_1_] : [VARCHAR]) - [Test Site - 3]
2018-05-15 16:11:49.418 TRACE 10969 --- [           main] o.h.type.descriptor.sql.BasicExtractor   : extracted value ([notes7_1_1_] : [VARCHAR]) - [notes]
2018-05-15 16:11:49.418 TRACE 10969 --- [           main] o.h.type.descriptor.sql.BasicExtractor   : extracted value ([site_pwd8_1_1_] : [VARBINARY]) - [[84, 101, 115, 116, 80, 97, 115, 115, 119, 111, 114, 100]]
2018-05-15 16:11:49.418 TRACE 10969 --- [           main] o.h.type.descriptor.sql.BasicExtractor   : extracted value ([siteurl9_1_1_] : [VARCHAR]) - [test@test.com]
2018-05-15 16:11:49.418 TRACE 10969 --- [           main] o.h.type.descriptor.sql.BasicExtractor   : extracted value ([app_pro10_1_0_] : [BIGINT]) - [10006]
2018-05-15 16:11:49.418 TRACE 10969 --- [           main] o.h.type.descriptor.sql.BasicExtractor   : extracted value ([id1_1_0_] : [BIGINT]) - [10013]
Hibernate: 
    update
        site 
    set
        app_profile_id=?,
        category_name=?,
        created_date=?,
        login=?,
        modified_date=?,
        name=?,
        notes=?,
        site_pwd=?,
        siteurl=? 
    where
        id=?
2018-05-15 16:11:49.421 TRACE 10969 --- [           main] o.h.type.descriptor.sql.BasicBinder      : binding parameter [1] as [BIGINT] - [10006]
2018-05-15 16:11:49.421 TRACE 10969 --- [           main] o.h.type.descriptor.sql.BasicBinder      : binding parameter [2] as [VARCHAR] - [ROOT]
2018-05-15 16:11:49.421 TRACE 10969 --- [           main] o.h.type.descriptor.sql.BasicBinder      : binding parameter [3] as [TIMESTAMP] - [2018-05-15T16:11:49.412]
2018-05-15 16:11:49.421 TRACE 10969 --- [           main] o.h.type.descriptor.sql.BasicBinder      : binding parameter [4] as [VARCHAR] - [testLogin]
2018-05-15 16:11:49.421 TRACE 10969 --- [           main] o.h.type.descriptor.sql.BasicBinder      : binding parameter [5] as [TIMESTAMP] - [2018-05-15T16:11:49.421]
2018-05-15 16:11:49.422 TRACE 10969 --- [           main] o.h.type.descriptor.sql.BasicBinder      : binding parameter [6] as [VARCHAR] - [Test Site - 4]
2018-05-15 16:11:49.422 TRACE 10969 --- [           main] o.h.type.descriptor.sql.BasicBinder      : binding parameter [7] as [VARCHAR] - [notes]
2018-05-15 16:11:49.422 TRACE 10969 --- [           main] o.h.type.descriptor.sql.BasicBinder      : binding parameter [8] as [VARBINARY] - [[84, 101, 115, 116, 80, 97, 115, 115, 119, 111, 114, 100]]
2018-05-15 16:11:49.422 TRACE 10969 --- [           main] o.h.type.descriptor.sql.BasicBinder      : binding parameter [9] as [VARCHAR] - [test@test.com]
2018-05-15 16:11:49.422 TRACE 10969 --- [           main] o.h.type.descriptor.sql.BasicBinder      : binding parameter [10] as [BIGINT] - [10014]
2018-05-15 16:11:49.422  INFO 10969 --- [           main] i.StatisticalLoggingSessionEventListener : Session Metrics {
    11930 nanoseconds spent acquiring 1 JDBC connections;
    0 nanoseconds spent releasing 0 JDBC connections;
    90553 nanoseconds spent preparing 5 JDBC statements;
    530530 nanoseconds spent executing 5 JDBC statements;
    0 nanoseconds spent executing 0 JDBC batches;
    0 nanoseconds spent performing 0 L2C puts;
    0 nanoseconds spent performing 0 L2C hits;
    0 nanoseconds spent performing 0 L2C misses;
    3702776 nanoseconds spent executing 1 flushes (flushing a total of 7 entities and 1 collections);
    0 nanoseconds spent executing 0 partial-flushes (flushing a total of 0 entities and 0 collections)
}
2018-05-15 16:11:49.423  INFO 10969 --- [           main] c.i.pwd.util.PwdApplicationDataDump      : ================>
AppProfile [id=10006, user=User [userId=10006, firstName=FooName, lastName=fooLastName, email=foo@foo.bar, salt=[85, 115, 101, 114, 83, 105, 116, 101], password=[84, 101, 115, 116, 80, 97, 115, 115, 119, 111, 114, 100], modifiedDate=2018-05-15T16:11:49.375, createdDate=2018-05-15T16:11:49.372]
, sites=[Site [id=10010, siteName=Test Site - 0, category=ROOT, appProfile=10006, siteURL=test@test.com, login=testLogin, password=[84, 101, 115, 116, 80, 97, 115, 115, 119, 111, 114, 100], notes=notes, modifiedDate=2018-05-15T16:11:49.382, createdDate=2018-05-15T16:11:49.378], Site [id=10011, siteName=Test Site - 1, category=ROOT, appProfile=10006, siteURL=test@test.com, login=testLogin, password=[84, 101, 115, 116, 80, 97, 115, 115, 119, 111, 114, 100], notes=notes, modifiedDate=2018-05-15T16:11:49.391, createdDate=2018-05-15T16:11:49.384], Site [id=10012, siteName=Test Site - 2, category=ROOT, appProfile=10006, siteURL=test@test.com, login=testLogin, password=[84, 101, 115, 116, 80, 97, 115, 115, 119, 111, 114, 100], notes=notes, modifiedDate=2018-05-15T16:11:49.399, createdDate=2018-05-15T16:11:49.393], Site [id=10013, siteName=Test Site - 3, category=ROOT, appProfile=10006, siteURL=test@test.com, login=testLogin, password=[84, 101, 115, 116, 80, 97, 115, 115, 119, 111, 114, 100], notes=notes, modifiedDate=2018-05-15T16:11:49.409, createdDate=2018-05-15T16:11:49.401], Site [id=10014, siteName=Test Site - 4, category=ROOT, appProfile=10006, siteURL=test@test.com, login=testLogin, password=[84, 101, 115, 116, 80, 97, 115, 115, 119, 111, 114, 100], notes=notes, modifiedDate=2018-05-15T16:11:49.421, createdDate=2018-05-15T16:11:49.412]]
, login=New User XX, lastLoginDTM=2018-05-15T16:11:49.371, isActive=true, isLocked=false
, pwdFileName=Foo.xml, modifiedDate=2018-05-15T16:11:49.374, createdDate=2018-05-15T16:11:49.374]
Hibernate: 
    select
        appprofile0_.id as id1_0_0_,
        appprofile0_.created_date as created_2_0_0_,
        appprofile0_.active as active3_0_0_,
        appprofile0_.account_locked as account_4_0_0_,
        appprofile0_.last_logindtm as last_log5_0_0_,
        appprofile0_.login as login6_0_0_,
        appprofile0_.modified_date as modified7_0_0_,
        appprofile0_.pwd_file_name as pwd_file8_0_0_,
        sites1_.app_profile_id as app_pro10_1_1_,
        sites1_.id as id1_1_1_,
        sites1_.id as id1_1_2_,
        sites1_.app_profile_id as app_pro10_1_2_,
        sites1_.category_name as category2_1_2_,
        sites1_.created_date as created_3_1_2_,
        sites1_.login as login4_1_2_,
        sites1_.modified_date as modified5_1_2_,
        sites1_.name as name6_1_2_,
        sites1_.notes as notes7_1_2_,
        sites1_.site_pwd as site_pwd8_1_2_,
        sites1_.siteurl as siteurl9_1_2_ 
    from
        app_profile appprofile0_ 
    left outer join
        site sites1_ 
            on appprofile0_.id=sites1_.app_profile_id 
    where
        appprofile0_.id=?
2018-05-15 16:11:49.428 TRACE 10969 --- [           main] o.h.type.descriptor.sql.BasicBinder      : binding parameter [1] as [BIGINT] - [40000]
2018-05-15 16:11:49.428  INFO 10969 --- [           main] i.StatisticalLoggingSessionEventListener : Session Metrics {
    15306 nanoseconds spent acquiring 1 JDBC connections;
    0 nanoseconds spent releasing 0 JDBC connections;
    337204 nanoseconds spent preparing 1 JDBC statements;
    70666 nanoseconds spent executing 1 JDBC statements;
    0 nanoseconds spent executing 0 JDBC batches;
    0 nanoseconds spent performing 0 L2C puts;
    0 nanoseconds spent performing 0 L2C hits;
    0 nanoseconds spent performing 0 L2C misses;
    0 nanoseconds spent executing 0 flushes (flushing a total of 0 entities and 0 collections);
    0 nanoseconds spent executing 0 partial-flushes (flushing a total of 0 entities and 0 collections)
}
]]></system-out>
  </testcase>
  <testcase name="temp_foo" classname="com.ibexsys.pwd.repository.AppProfileRepositoryTest" time="0.001"/>
</testsuite>